2014/06/16 06:16:34 [error] [exception.CHttpException.404] exception 'CHttpException' with message 'The system is unable to find the requested action "gii".' in /Applications/XAMPP/xamppfiles/htdocs/yii_api_bong_da/framework/web/CController.php:483
Stack trace:
#0 /Applications/XAMPP/xamppfiles/htdocs/yii_api_bong_da/framework/web/CController.php(270): CController->missingAction('gii')
#1 /Applications/XAMPP/xamppfiles/htdocs/yii_api_bong_da/framework/web/CWebApplication.php(282): CController->run('gii')
#2 /Applications/XAMPP/xamppfiles/htdocs/yii_api_bong_da/framework/web/CWebApplication.php(141): CWebApplication->runController('site/gii')
#3 /Applications/XAMPP/xamppfiles/htdocs/yii_api_bong_da/framework/base/CApplication.php(180): CWebApplication->processRequest()
#4 /Applications/XAMPP/xamppfiles/htdocs/yii_api_bong_da/www/index.php(13): CApplication->run()
#5 {main}
REQUEST_URI=/yii_api_bong_da/www/index.php/site/gii
---
2014/06/16 06:34:11 [error] [exception.CHttpException.404] exception 'CHttpException' with message 'The system is unable to find the requested action "index.php".' in /Applications/XAMPP/xamppfiles/htdocs/yii_api_bong_da/framework/web/CController.php:483
Stack trace:
#0 /Applications/XAMPP/xamppfiles/htdocs/yii_api_bong_da/framework/web/CController.php(270): CController->missingAction('index.php')
#1 /Applications/XAMPP/xamppfiles/htdocs/yii_api_bong_da/framework/web/CWebApplication.php(282): CController->run('index.php')
#2 /Applications/XAMPP/xamppfiles/htdocs/yii_api_bong_da/framework/web/CWebApplication.php(141): CWebApplication->runController('categories/inde...')
#3 /Applications/XAMPP/xamppfiles/htdocs/yii_api_bong_da/framework/base/CApplication.php(180): CWebApplication->processRequest()
#4 /Applications/XAMPP/xamppfiles/htdocs/yii_api_bong_da/www/index.php(13): CApplication->run()
#5 {main}
REQUEST_URI=/yii_api_bong_da/www/index.php/categories/index.php
---
2014/06/16 06:42:19 [error] [exception.CException] exception 'CException' with message 'ApiController cannot find the requested view "index".' in /Applications/XAMPP/xamppfiles/htdocs/yii_api_bong_da/framework/web/CController.php:878
Stack trace:
#0 /Applications/XAMPP/xamppfiles/htdocs/yii_api_bong_da/framework/web/CController.php(782): CController->renderPartial('index', Array, true)
#1 /Applications/XAMPP/xamppfiles/htdocs/yii_api_bong_da/www/protected/controllers/ApiController.php(69): CController->render('index', Array)
#2 /Applications/XAMPP/xamppfiles/htdocs/yii_api_bong_da/framework/web/actions/CInlineAction.php(49): ApiController->actionIndex()
#3 /Applications/XAMPP/xamppfiles/htdocs/yii_api_bong_da/framework/web/CController.php(308): CInlineAction->runWithParams(Array)
#4 /Applications/XAMPP/xamppfiles/htdocs/yii_api_bong_da/framework/web/filters/CFilterChain.php(133): CController->runAction(Object(CInlineAction))
#5 /Applications/XAMPP/xamppfiles/htdocs/yii_api_bong_da/framework/web/filters/CFilter.php(40): CFilterChain->run()
#6 /Applications/XAMPP/xamppfiles/htdocs/yii_api_bong_da/framework/web/CController.php(1145): CFilter->filter(Object(CFilterChain))
#7 /Applications/XAMPP/xamppfiles/htdocs/yii_api_bong_da/framework/web/filters/CInlineFilter.php(58): CController->filterAccessControl(Object(CFilterChain))
#8 /Applications/XAMPP/xamppfiles/htdocs/yii_api_bong_da/framework/web/filters/CFilterChain.php(130): CInlineFilter->filter(Object(CFilterChain))
#9 /Applications/XAMPP/xamppfiles/htdocs/yii_api_bong_da/framework/web/CController.php(291): CFilterChain->run()
#10 /Applications/XAMPP/xamppfiles/htdocs/yii_api_bong_da/framework/web/CController.php(265): CController->runActionWithFilters(Object(CInlineAction), Array)
#11 /Applications/XAMPP/xamppfiles/htdocs/yii_api_bong_da/framework/web/CWebApplication.php(282): CController->run('')
#12 /Applications/XAMPP/xamppfiles/htdocs/yii_api_bong_da/framework/web/CWebApplication.php(141): CWebApplication->runController('api')
#13 /Applications/XAMPP/xamppfiles/htdocs/yii_api_bong_da/framework/base/CApplication.php(180): CWebApplication->processRequest()
#14 /Applications/XAMPP/xamppfiles/htdocs/yii_api_bong_da/www/index.php(13): CApplication->run()
#15 {main}
REQUEST_URI=/yii_api_bong_da/www/index.php/api/
---
2014/06/16 06:42:31 [error] [exception.CException] exception 'CException' with message 'ApiController cannot find the requested view "index".' in /Applications/XAMPP/xamppfiles/htdocs/yii_api_bong_da/framework/web/CController.php:878
Stack trace:
#0 /Applications/XAMPP/xamppfiles/htdocs/yii_api_bong_da/framework/web/CController.php(782): CController->renderPartial('index', Array, true)
#1 /Applications/XAMPP/xamppfiles/htdocs/yii_api_bong_da/www/protected/controllers/ApiController.php(69): CController->render('index', Array)
#2 /Applications/XAMPP/xamppfiles/htdocs/yii_api_bong_da/framework/web/actions/CInlineAction.php(49): ApiController->actionIndex()
#3 /Applications/XAMPP/xamppfiles/htdocs/yii_api_bong_da/framework/web/CController.php(308): CInlineAction->runWithParams(Array)
#4 /Applications/XAMPP/xamppfiles/htdocs/yii_api_bong_da/framework/web/filters/CFilterChain.php(133): CController->runAction(Object(CInlineAction))
#5 /Applications/XAMPP/xamppfiles/htdocs/yii_api_bong_da/framework/web/filters/CFilter.php(40): CFilterChain->run()
#6 /Applications/XAMPP/xamppfiles/htdocs/yii_api_bong_da/framework/web/CController.php(1145): CFilter->filter(Object(CFilterChain))
#7 /Applications/XAMPP/xamppfiles/htdocs/yii_api_bong_da/framework/web/filters/CInlineFilter.php(58): CController->filterAccessControl(Object(CFilterChain))
#8 /Applications/XAMPP/xamppfiles/htdocs/yii_api_bong_da/framework/web/filters/CFilterChain.php(130): CInlineFilter->filter(Object(CFilterChain))
#9 /Applications/XAMPP/xamppfiles/htdocs/yii_api_bong_da/framework/web/CController.php(291): CFilterChain->run()
#10 /Applications/XAMPP/xamppfiles/htdocs/yii_api_bong_da/framework/web/CController.php(265): CController->runActionWithFilters(Object(CInlineAction), Array)
#11 /Applications/XAMPP/xamppfiles/htdocs/yii_api_bong_da/framework/web/CWebApplication.php(282): CController->run('index')
#12 /Applications/XAMPP/xamppfiles/htdocs/yii_api_bong_da/framework/web/CWebApplication.php(141): CWebApplication->runController('api/index')
#13 /Applications/XAMPP/xamppfiles/htdocs/yii_api_bong_da/framework/base/CApplication.php(180): CWebApplication->processRequest()
#14 /Applications/XAMPP/xamppfiles/htdocs/yii_api_bong_da/www/index.php(13): CApplication->run()
#15 {main}
REQUEST_URI=/yii_api_bong_da/www/index.php/api/index
---
2014/06/16 06:42:40 [error] [exception.CException] exception 'CException' with message 'ApiController cannot find the requested view "index".' in /Applications/XAMPP/xamppfiles/htdocs/yii_api_bong_da/framework/web/CController.php:878
Stack trace:
#0 /Applications/XAMPP/xamppfiles/htdocs/yii_api_bong_da/framework/web/CController.php(782): CController->renderPartial('index', Array, true)
#1 /Applications/XAMPP/xamppfiles/htdocs/yii_api_bong_da/www/protected/controllers/ApiController.php(128): CController->render('index', Array)
#2 /Applications/XAMPP/xamppfiles/htdocs/yii_api_bong_da/framework/web/actions/CInlineAction.php(49): ApiController->actionIndex()
#3 /Applications/XAMPP/xamppfiles/htdocs/yii_api_bong_da/framework/web/CController.php(308): CInlineAction->runWithParams(Array)
#4 /Applications/XAMPP/xamppfiles/htdocs/yii_api_bong_da/framework/web/filters/CFilterChain.php(133): CController->runAction(Object(CInlineAction))
#5 /Applications/XAMPP/xamppfiles/htdocs/yii_api_bong_da/framework/web/filters/CFilter.php(40): CFilterChain->run()
#6 /Applications/XAMPP/xamppfiles/htdocs/yii_api_bong_da/framework/web/CController.php(1145): CFilter->filter(Object(CFilterChain))
#7 /Applications/XAMPP/xamppfiles/htdocs/yii_api_bong_da/framework/web/filters/CInlineFilter.php(58): CController->filterAccessControl(Object(CFilterChain))
#8 /Applications/XAMPP/xamppfiles/htdocs/yii_api_bong_da/framework/web/filters/CFilterChain.php(130): CInlineFilter->filter(Object(CFilterChain))
#9 /Applications/XAMPP/xamppfiles/htdocs/yii_api_bong_da/framework/web/CController.php(291): CFilterChain->run()
#10 /Applications/XAMPP/xamppfiles/htdocs/yii_api_bong_da/framework/web/CController.php(265): CController->runActionWithFilters(Object(CInlineAction), Array)
#11 /Applications/XAMPP/xamppfiles/htdocs/yii_api_bong_da/framework/web/CWebApplication.php(282): CController->run('index')
#12 /Applications/XAMPP/xamppfiles/htdocs/yii_api_bong_da/framework/web/CWebApplication.php(141): CWebApplication->runController('api/index')
#13 /Applications/XAMPP/xamppfiles/htdocs/yii_api_bong_da/framework/base/CApplication.php(180): CWebApplication->processRequest()
#14 /Applications/XAMPP/xamppfiles/htdocs/yii_api_bong_da/www/index.php(13): CApplication->run()
#15 {main}
REQUEST_URI=/yii_api_bong_da/www/index.php/api/index
---
2014/06/16 06:42:42 [error] [exception.CException] exception 'CException' with message 'ApiController cannot find the requested view "index".' in /Applications/XAMPP/xamppfiles/htdocs/yii_api_bong_da/framework/web/CController.php:878
Stack trace:
#0 /Applications/XAMPP/xamppfiles/htdocs/yii_api_bong_da/framework/web/CController.php(782): CController->renderPartial('index', Array, true)
#1 /Applications/XAMPP/xamppfiles/htdocs/yii_api_bong_da/www/protected/controllers/ApiController.php(128): CController->render('index', Array)
#2 /Applications/XAMPP/xamppfiles/htdocs/yii_api_bong_da/framework/web/actions/CInlineAction.php(49): ApiController->actionIndex()
#3 /Applications/XAMPP/xamppfiles/htdocs/yii_api_bong_da/framework/web/CController.php(308): CInlineAction->runWithParams(Array)
#4 /Applications/XAMPP/xamppfiles/htdocs/yii_api_bong_da/framework/web/filters/CFilterChain.php(133): CController->runAction(Object(CInlineAction))
#5 /Applications/XAMPP/xamppfiles/htdocs/yii_api_bong_da/framework/web/filters/CFilter.php(40): CFilterChain->run()
#6 /Applications/XAMPP/xamppfiles/htdocs/yii_api_bong_da/framework/web/CController.php(1145): CFilter->filter(Object(CFilterChain))
#7 /Applications/XAMPP/xamppfiles/htdocs/yii_api_bong_da/framework/web/filters/CInlineFilter.php(58): CController->filterAccessControl(Object(CFilterChain))
#8 /Applications/XAMPP/xamppfiles/htdocs/yii_api_bong_da/framework/web/filters/CFilterChain.php(130): CInlineFilter->filter(Object(CFilterChain))
#9 /Applications/XAMPP/xamppfiles/htdocs/yii_api_bong_da/framework/web/CController.php(291): CFilterChain->run()
#10 /Applications/XAMPP/xamppfiles/htdocs/yii_api_bong_da/framework/web/CController.php(265): CController->runActionWithFilters(Object(CInlineAction), Array)
#11 /Applications/XAMPP/xamppfiles/htdocs/yii_api_bong_da/framework/web/CWebApplication.php(282): CController->run('index')
#12 /Applications/XAMPP/xamppfiles/htdocs/yii_api_bong_da/framework/web/CWebApplication.php(141): CWebApplication->runController('api/index')
#13 /Applications/XAMPP/xamppfiles/htdocs/yii_api_bong_da/framework/base/CApplication.php(180): CWebApplication->processRequest()
#14 /Applications/XAMPP/xamppfiles/htdocs/yii_api_bong_da/www/index.php(13): CApplication->run()
#15 {main}
REQUEST_URI=/yii_api_bong_da/www/index.php/api/index
---
2014/06/16 06:43:29 [error] [exception.CHttpException.403] exception 'CHttpException' with message 'You are not authorized to perform this action.' in /Applications/XAMPP/xamppfiles/htdocs/yii_api_bong_da/framework/web/auth/CAccessControlFilter.php:182
Stack trace:
#0 /Applications/XAMPP/xamppfiles/htdocs/yii_api_bong_da/framework/web/auth/CAccessControlFilter.php(145): CAccessControlFilter->accessDenied(Object(CWebUser), 'You are not aut...')
#1 /Applications/XAMPP/xamppfiles/htdocs/yii_api_bong_da/framework/web/filters/CFilter.php(38): CAccessControlFilter->preFilter(Object(CFilterChain))
#2 /Applications/XAMPP/xamppfiles/htdocs/yii_api_bong_da/framework/web/CController.php(1145): CFilter->filter(Object(CFilterChain))
#3 /Applications/XAMPP/xamppfiles/htdocs/yii_api_bong_da/framework/web/filters/CInlineFilter.php(58): CController->filterAccessControl(Object(CFilterChain))
#4 /Applications/XAMPP/xamppfiles/htdocs/yii_api_bong_da/framework/web/filters/CFilterChain.php(130): CInlineFilter->filter(Object(CFilterChain))
#5 /Applications/XAMPP/xamppfiles/htdocs/yii_api_bong_da/framework/web/CController.php(291): CFilterChain->run()
#6 /Applications/XAMPP/xamppfiles/htdocs/yii_api_bong_da/framework/web/CController.php(265): CController->runActionWithFilters(Object(CInlineAction), Array)
#7 /Applications/XAMPP/xamppfiles/htdocs/yii_api_bong_da/framework/web/CWebApplication.php(282): CController->run('api')
#8 /Applications/XAMPP/xamppfiles/htdocs/yii_api_bong_da/framework/web/CWebApplication.php(141): CWebApplication->runController('api/api')
#9 /Applications/XAMPP/xamppfiles/htdocs/yii_api_bong_da/framework/base/CApplication.php(180): CWebApplication->processRequest()
#10 /Applications/XAMPP/xamppfiles/htdocs/yii_api_bong_da/www/index.php(13): CApplication->run()
#11 {main}
REQUEST_URI=/yii_api_bong_da/www/index.php/api/api
---
2014/06/16 06:44:06 [error] [exception.CException] exception 'CException' with message 'ApiController cannot find the requested view "index".' in /Applications/XAMPP/xamppfiles/htdocs/yii_api_bong_da/framework/web/CController.php:878
Stack trace:
#0 /Applications/XAMPP/xamppfiles/htdocs/yii_api_bong_da/framework/web/CController.php(782): CController->renderPartial('index', Array, true)
#1 /Applications/XAMPP/xamppfiles/htdocs/yii_api_bong_da/www/protected/controllers/ApiController.php(57): CController->render('index', Array)
#2 /Applications/XAMPP/xamppfiles/htdocs/yii_api_bong_da/framework/web/actions/CInlineAction.php(49): ApiController->actionApi()
#3 /Applications/XAMPP/xamppfiles/htdocs/yii_api_bong_da/framework/web/CController.php(308): CInlineAction->runWithParams(Array)
#4 /Applications/XAMPP/xamppfiles/htdocs/yii_api_bong_da/framework/web/filters/CFilterChain.php(133): CController->runAction(Object(CInlineAction))
#5 /Applications/XAMPP/xamppfiles/htdocs/yii_api_bong_da/framework/web/filters/CFilter.php(40): CFilterChain->run()
#6 /Applications/XAMPP/xamppfiles/htdocs/yii_api_bong_da/framework/web/CController.php(1145): CFilter->filter(Object(CFilterChain))
#7 /Applications/XAMPP/xamppfiles/htdocs/yii_api_bong_da/framework/web/filters/CInlineFilter.php(58): CController->filterAccessControl(Object(CFilterChain))
#8 /Applications/XAMPP/xamppfiles/htdocs/yii_api_bong_da/framework/web/filters/CFilterChain.php(130): CInlineFilter->filter(Object(CFilterChain))
#9 /Applications/XAMPP/xamppfiles/htdocs/yii_api_bong_da/framework/web/CController.php(291): CFilterChain->run()
#10 /Applications/XAMPP/xamppfiles/htdocs/yii_api_bong_da/framework/web/CController.php(265): CController->runActionWithFilters(Object(CInlineAction), Array)
#11 /Applications/XAMPP/xamppfiles/htdocs/yii_api_bong_da/framework/web/CWebApplication.php(282): CController->run('api')
#12 /Applications/XAMPP/xamppfiles/htdocs/yii_api_bong_da/framework/web/CWebApplication.php(141): CWebApplication->runController('api/api')
#13 /Applications/XAMPP/xamppfiles/htdocs/yii_api_bong_da/framework/base/CApplication.php(180): CWebApplication->processRequest()
#14 /Applications/XAMPP/xamppfiles/htdocs/yii_api_bong_da/www/index.php(13): CApplication->run()
#15 {main}
REQUEST_URI=/yii_api_bong_da/www/index.php/api/api
---
2014/06/16 06:50:47 [error] [php] Illegal string offset 'title' (/Applications/XAMPP/xamppfiles/htdocs/yii_api_bong_da/www/protected/controllers/ApiController.php:60)
Stack trace:
#0 /Applications/XAMPP/xamppfiles/htdocs/yii_api_bong_da/framework/web/filters/CFilterChain.php(133): ApiController->runAction()
#1 /Applications/XAMPP/xamppfiles/htdocs/yii_api_bong_da/framework/web/filters/CFilter.php(40): CFilterChain->run()
#2 /Applications/XAMPP/xamppfiles/htdocs/yii_api_bong_da/framework/web/CController.php(1145): CAccessControlFilter->filter()
#3 /Applications/XAMPP/xamppfiles/htdocs/yii_api_bong_da/framework/web/filters/CInlineFilter.php(58): ApiController->filterAccessControl()
#4 /Applications/XAMPP/xamppfiles/htdocs/yii_api_bong_da/framework/web/filters/CFilterChain.php(130): CInlineFilter->filter()
#5 /Applications/XAMPP/xamppfiles/htdocs/yii_api_bong_da/framework/web/CController.php(291): CFilterChain->run()
#6 /Applications/XAMPP/xamppfiles/htdocs/yii_api_bong_da/framework/web/CController.php(265): ApiController->runActionWithFilters()
#7 /Applications/XAMPP/xamppfiles/htdocs/yii_api_bong_da/framework/web/CWebApplication.php(282): ApiController->run()
#8 /Applications/XAMPP/xamppfiles/htdocs/yii_api_bong_da/framework/web/CWebApplication.php(141): CWebApplication->runController()
#9 /Applications/XAMPP/xamppfiles/htdocs/yii_api_bong_da/framework/base/CApplication.php(180): CWebApplication->processRequest()
#10 /Applications/XAMPP/xamppfiles/htdocs/yii_api_bong_da/www/index.php(13): CWebApplication->run()
REQUEST_URI=/yii_api_bong_da/www/index.php/api/api
in /Applications/XAMPP/xamppfiles/htdocs/yii_api_bong_da/www/protected/controllers/ApiController.php (60)
in /Applications/XAMPP/xamppfiles/htdocs/yii_api_bong_da/www/index.php (13)
2014/06/16 06:50:57 [error] [exception.CException] exception 'CException' with message 'Property "Video.Title" is not defined.' in /Applications/XAMPP/xamppfiles/htdocs/yii_api_bong_da/framework/base/CComponent.php:130
Stack trace:
#0 /Applications/XAMPP/xamppfiles/htdocs/yii_api_bong_da/framework/db/ar/CActiveRecord.php(145): CComponent->__get('Title')
#1 /Applications/XAMPP/xamppfiles/htdocs/yii_api_bong_da/www/protected/controllers/ApiController.php(60): CActiveRecord->__get('Title')
#2 /Applications/XAMPP/xamppfiles/htdocs/yii_api_bong_da/framework/web/actions/CInlineAction.php(49): ApiController->actionApi()
#3 /Applications/XAMPP/xamppfiles/htdocs/yii_api_bong_da/framework/web/CController.php(308): CInlineAction->runWithParams(Array)
#4 /Applications/XAMPP/xamppfiles/htdocs/yii_api_bong_da/framework/web/filters/CFilterChain.php(133): CController->runAction(Object(CInlineAction))
#5 /Applications/XAMPP/xamppfiles/htdocs/yii_api_bong_da/framework/web/filters/CFilter.php(40): CFilterChain->run()
#6 /Applications/XAMPP/xamppfiles/htdocs/yii_api_bong_da/framework/web/CController.php(1145): CFilter->filter(Object(CFilterChain))
#7 /Applications/XAMPP/xamppfiles/htdocs/yii_api_bong_da/framework/web/filters/CInlineFilter.php(58): CController->filterAccessControl(Object(CFilterChain))
#8 /Applications/XAMPP/xamppfiles/htdocs/yii_api_bong_da/framework/web/filters/CFilterChain.php(130): CInlineFilter->filter(Object(CFilterChain))
#9 /Applications/XAMPP/xamppfiles/htdocs/yii_api_bong_da/framework/web/CController.php(291): CFilterChain->run()
#10 /Applications/XAMPP/xamppfiles/htdocs/yii_api_bong_da/framework/web/CController.php(265): CController->runActionWithFilters(Object(CInlineAction), Array)
#11 /Applications/XAMPP/xamppfiles/htdocs/yii_api_bong_da/framework/web/CWebApplication.php(282): CController->run('api')
#12 /Applications/XAMPP/xamppfiles/htdocs/yii_api_bong_da/framework/web/CWebApplication.php(141): CWebApplication->runController('api/api')
#13 /Applications/XAMPP/xamppfiles/htdocs/yii_api_bong_da/framework/base/CApplication.php(180): CWebApplication->processRequest()
#14 /Applications/XAMPP/xamppfiles/htdocs/yii_api_bong_da/www/index.php(13): CApplication->run()
#15 {main}
REQUEST_URI=/yii_api_bong_da/www/index.php/api/api
---
2014/06/16 10:11:26 [error] [system.db.CDbCommand] CDbCommand::fetchAll() failed: SQLSTATE[42S02]: Base table or view not found: 1146 Table 'api_bongda.ca' doesn't exist. The SQL statement executed was: SHOW FULL COLUMNS FROM `ca`.
in /Applications/XAMPP/xamppfiles/htdocs/yii_api_bong_da/www/index.php (13)
2014/06/16 10:30:44 [error] [exception.CException] exception 'CException' with message 'Property "CDbCriteria.pagination" is not defined.' in /Applications/XAMPP/xamppfiles/htdocs/yii_api_bong_da/framework/base/CComponent.php:173
Stack trace:
#0 /Applications/XAMPP/xamppfiles/htdocs/yii_api_bong_da/framework/db/schema/CDbCriteria.php(160): CComponent->__set('pagination', false)
#1 /Applications/XAMPP/xamppfiles/htdocs/yii_api_bong_da/www/protected/controllers/ApiController.php(74): CDbCriteria->__construct(Array)
#2 /Applications/XAMPP/xamppfiles/htdocs/yii_api_bong_da/framework/web/actions/CInlineAction.php(49): ApiController->actionVideo()
#3 /Applications/XAMPP/xamppfiles/htdocs/yii_api_bong_da/framework/web/CController.php(308): CInlineAction->runWithParams(Array)
#4 /Applications/XAMPP/xamppfiles/htdocs/yii_api_bong_da/framework/web/filters/CFilterChain.php(133): CController->runAction(Object(CInlineAction))
#5 /Applications/XAMPP/xamppfiles/htdocs/yii_api_bong_da/framework/web/filters/CFilter.php(40): CFilterChain->run()
#6 /Applications/XAMPP/xamppfiles/htdocs/yii_api_bong_da/framework/web/CController.php(1145): CFilter->filter(Object(CFilterChain))
#7 /Applications/XAMPP/xamppfiles/htdocs/yii_api_bong_da/framework/web/filters/CInlineFilter.php(58): CController->filterAccessControl(Object(CFilterChain))
#8 /Applications/XAMPP/xamppfiles/htdocs/yii_api_bong_da/framework/web/filters/CFilterChain.php(130): CInlineFilter->filter(Object(CFilterChain))
#9 /Applications/XAMPP/xamppfiles/htdocs/yii_api_bong_da/framework/web/CController.php(291): CFilterChain->run()
#10 /Applications/XAMPP/xamppfiles/htdocs/yii_api_bong_da/framework/web/CController.php(265): CController->runActionWithFilters(Object(CInlineAction), Array)
#11 /Applications/XAMPP/xamppfiles/htdocs/yii_api_bong_da/framework/web/CWebApplication.php(282): CController->run('video')
#12 /Applications/XAMPP/xamppfiles/htdocs/yii_api_bong_da/framework/web/CWebApplication.php(141): CWebApplication->runController('api/video')
#13 /Applications/XAMPP/xamppfiles/htdocs/yii_api_bong_da/framework/base/CApplication.php(180): CWebApplication->processRequest()
#14 /Applications/XAMPP/xamppfiles/htdocs/yii_api_bong_da/www/index.php(13): CApplication->run()
#15 {main}
REQUEST_URI=/yii_api_bong_da/www/index.php/api/video?app_id=1&md5=372d74ec3935e9418b5b7187cd471f65&limit=1&offset=1
---
2014/06/16 10:30:54 [error] [exception.CException] exception 'CException' with message 'Property "CDbCriteria.pagination" is not defined.' in /Applications/XAMPP/xamppfiles/htdocs/yii_api_bong_da/framework/base/CComponent.php:173
Stack trace:
#0 /Applications/XAMPP/xamppfiles/htdocs/yii_api_bong_da/framework/db/schema/CDbCriteria.php(160): CComponent->__set('pagination', false)
#1 /Applications/XAMPP/xamppfiles/htdocs/yii_api_bong_da/www/protected/controllers/ApiController.php(74): CDbCriteria->__construct(Array)
#2 /Applications/XAMPP/xamppfiles/htdocs/yii_api_bong_da/framework/web/actions/CInlineAction.php(49): ApiController->actionVideo()
#3 /Applications/XAMPP/xamppfiles/htdocs/yii_api_bong_da/framework/web/CController.php(308): CInlineAction->runWithParams(Array)
#4 /Applications/XAMPP/xamppfiles/htdocs/yii_api_bong_da/framework/web/filters/CFilterChain.php(133): CController->runAction(Object(CInlineAction))
#5 /Applications/XAMPP/xamppfiles/htdocs/yii_api_bong_da/framework/web/filters/CFilter.php(40): CFilterChain->run()
#6 /Applications/XAMPP/xamppfiles/htdocs/yii_api_bong_da/framework/web/CController.php(1145): CFilter->filter(Object(CFilterChain))
#7 /Applications/XAMPP/xamppfiles/htdocs/yii_api_bong_da/framework/web/filters/CInlineFilter.php(58): CController->filterAccessControl(Object(CFilterChain))
#8 /Applications/XAMPP/xamppfiles/htdocs/yii_api_bong_da/framework/web/filters/CFilterChain.php(130): CInlineFilter->filter(Object(CFilterChain))
#9 /Applications/XAMPP/xamppfiles/htdocs/yii_api_bong_da/framework/web/CController.php(291): CFilterChain->run()
#10 /Applications/XAMPP/xamppfiles/htdocs/yii_api_bong_da/framework/web/CController.php(265): CController->runActionWithFilters(Object(CInlineAction), Array)
#11 /Applications/XAMPP/xamppfiles/htdocs/yii_api_bong_da/framework/web/CWebApplication.php(282): CController->run('video')
#12 /Applications/XAMPP/xamppfiles/htdocs/yii_api_bong_da/framework/web/CWebApplication.php(141): CWebApplication->runController('api/video')
#13 /Applications/XAMPP/xamppfiles/htdocs/yii_api_bong_da/framework/base/CApplication.php(180): CWebApplication->processRequest()
#14 /Applications/XAMPP/xamppfiles/htdocs/yii_api_bong_da/www/index.php(13): CApplication->run()
#15 {main}
REQUEST_URI=/yii_api_bong_da/www/index.php/api/video?app_id=1&md5=372d74ec3935e9418b5b7187cd471f65&limit=1&offset=0
---
2014/06/16 10:33:08 [error] [exception.CException] exception 'CException' with message 'Property "CDbCriteria.pagination" is not defined.' in /Applications/XAMPP/xamppfiles/htdocs/yii_api_bong_da/framework/base/CComponent.php:173
Stack trace:
#0 /Applications/XAMPP/xamppfiles/htdocs/yii_api_bong_da/framework/db/schema/CDbCriteria.php(160): CComponent->__set('pagination', false)
#1 /Applications/XAMPP/xamppfiles/htdocs/yii_api_bong_da/www/protected/controllers/ApiController.php(74): CDbCriteria->__construct(Array)
#2 /Applications/XAMPP/xamppfiles/htdocs/yii_api_bong_da/framework/web/actions/CInlineAction.php(49): ApiController->actionVideo()
#3 /Applications/XAMPP/xamppfiles/htdocs/yii_api_bong_da/framework/web/CController.php(308): CInlineAction->runWithParams(Array)
#4 /Applications/XAMPP/xamppfiles/htdocs/yii_api_bong_da/framework/web/filters/CFilterChain.php(133): CController->runAction(Object(CInlineAction))
#5 /Applications/XAMPP/xamppfiles/htdocs/yii_api_bong_da/framework/web/filters/CFilter.php(40): CFilterChain->run()
#6 /Applications/XAMPP/xamppfiles/htdocs/yii_api_bong_da/framework/web/CController.php(1145): CFilter->filter(Object(CFilterChain))
#7 /Applications/XAMPP/xamppfiles/htdocs/yii_api_bong_da/framework/web/filters/CInlineFilter.php(58): CController->filterAccessControl(Object(CFilterChain))
#8 /Applications/XAMPP/xamppfiles/htdocs/yii_api_bong_da/framework/web/filters/CFilterChain.php(130): CInlineFilter->filter(Object(CFilterChain))
#9 /Applications/XAMPP/xamppfiles/htdocs/yii_api_bong_da/framework/web/CController.php(291): CFilterChain->run()
#10 /Applications/XAMPP/xamppfiles/htdocs/yii_api_bong_da/framework/web/CController.php(265): CController->runActionWithFilters(Object(CInlineAction), Array)
#11 /Applications/XAMPP/xamppfiles/htdocs/yii_api_bong_da/framework/web/CWebApplication.php(282): CController->run('video')
#12 /Applications/XAMPP/xamppfiles/htdocs/yii_api_bong_da/framework/web/CWebApplication.php(141): CWebApplication->runController('api/video')
#13 /Applications/XAMPP/xamppfiles/htdocs/yii_api_bong_da/framework/base/CApplication.php(180): CWebApplication->processRequest()
#14 /Applications/XAMPP/xamppfiles/htdocs/yii_api_bong_da/www/index.php(13): CApplication->run()
#15 {main}
REQUEST_URI=/yii_api_bong_da/www/index.php/api/video?app_id=1&md5=372d74ec3935e9418b5b7187cd471f65&limit=1&offset=1
---
2014/06/16 10:58:29 [error] [system.db.CDbCommand] CDbCommand::fetchAll() failed: SQLSTATE[42000]: Syntax error or access violation: 1064 You have an error in your SQL syntax; check the manual that corresponds to your MySQL server version for the right syntax to use near '== 0 LIMIT 10 OFFSET 10' at line 1. The SQL statement executed was: SELECT * FROM `video` `t` WHERE cate == 0 LIMIT 10 OFFSET 10.
in /Applications/XAMPP/xamppfiles/htdocs/yii_api_bong_da/www/protected/controllers/ApiController.php (76)
in /Applications/XAMPP/xamppfiles/htdocs/yii_api_bong_da/www/index.php (13)
2014/06/16 10:58:29 [error] [exception.CDbException] exception 'CDbException' with message 'CDbCommand failed to execute the SQL statement: SQLSTATE[42000]: Syntax error or access violation: 1064 You have an error in your SQL syntax; check the manual that corresponds to your MySQL server version for the right syntax to use near '== 0 LIMIT 10 OFFSET 10' at line 1. The SQL statement executed was: SELECT * FROM `video` `t` WHERE cate == 0 LIMIT 10 OFFSET 10' in /Applications/XAMPP/xamppfiles/htdocs/yii_api_bong_da/framework/db/CDbCommand.php:543
Stack trace:
#0 /Applications/XAMPP/xamppfiles/htdocs/yii_api_bong_da/framework/db/CDbCommand.php(396): CDbCommand->queryInternal('fetchAll', Array, Array)
#1 /Applications/XAMPP/xamppfiles/htdocs/yii_api_bong_da/framework/db/ar/CActiveRecord.php(1351): CDbCommand->queryAll()
#2 /Applications/XAMPP/xamppfiles/htdocs/yii_api_bong_da/framework/db/ar/CActiveRecord.php(1470): CActiveRecord->query(Object(CDbCriteria), true)
#3 /Applications/XAMPP/xamppfiles/htdocs/yii_api_bong_da/www/protected/controllers/ApiController.php(76): CActiveRecord->findAll(Object(CDbCriteria))
#4 /Applications/XAMPP/xamppfiles/htdocs/yii_api_bong_da/framework/web/actions/CInlineAction.php(49): ApiController->actionVideo()
#5 /Applications/XAMPP/xamppfiles/htdocs/yii_api_bong_da/framework/web/CController.php(308): CInlineAction->runWithParams(Array)
#6 /Applications/XAMPP/xamppfiles/htdocs/yii_api_bong_da/framework/web/filters/CFilterChain.php(133): CController->runAction(Object(CInlineAction))
#7 /Applications/XAMPP/xamppfiles/htdocs/yii_api_bong_da/framework/web/filters/CFilter.php(40): CFilterChain->run()
#8 /Applications/XAMPP/xamppfiles/htdocs/yii_api_bong_da/framework/web/CController.php(1145): CFilter->filter(Object(CFilterChain))
#9 /Applications/XAMPP/xamppfiles/htdocs/yii_api_bong_da/framework/web/filters/CInlineFilter.php(58): CController->filterAccessControl(Object(CFilterChain))
#10 /Applications/XAMPP/xamppfiles/htdocs/yii_api_bong_da/framework/web/filters/CFilterChain.php(130): CInlineFilter->filter(Object(CFilterChain))
#11 /Applications/XAMPP/xamppfiles/htdocs/yii_api_bong_da/framework/web/CController.php(291): CFilterChain->run()
#12 /Applications/XAMPP/xamppfiles/htdocs/yii_api_bong_da/framework/web/CController.php(265): CController->runActionWithFilters(Object(CInlineAction), Array)
#13 /Applications/XAMPP/xamppfiles/htdocs/yii_api_bong_da/framework/web/CWebApplication.php(282): CController->run('video')
#14 /Applications/XAMPP/xamppfiles/htdocs/yii_api_bong_da/framework/web/CWebApplication.php(141): CWebApplication->runController('api/video')
#15 /Applications/XAMPP/xamppfiles/htdocs/yii_api_bong_da/framework/base/CApplication.php(180): CWebApplication->processRequest()
#16 /Applications/XAMPP/xamppfiles/htdocs/yii_api_bong_da/www/index.php(13): CApplication->run()
#17 {main}
REQUEST_URI=/yii_api_bong_da/www/index.php/api/video?app_id=1&md5=372d74ec3935e9418b5b7187cd471f65
---
2014/06/16 11:01:14 [error] [php] Undefined index: cate_id (/Applications/XAMPP/xamppfiles/htdocs/yii_api_bong_da/www/protected/controllers/ApiController.php:55)
Stack trace:
#0 /Applications/XAMPP/xamppfiles/htdocs/yii_api_bong_da/framework/web/filters/CFilterChain.php(133): ApiController->runAction()
#1 /Applications/XAMPP/xamppfiles/htdocs/yii_api_bong_da/framework/web/filters/CFilter.php(40): CFilterChain->run()
#2 /Applications/XAMPP/xamppfiles/htdocs/yii_api_bong_da/framework/web/CController.php(1145): CAccessControlFilter->filter()
#3 /Applications/XAMPP/xamppfiles/htdocs/yii_api_bong_da/framework/web/filters/CInlineFilter.php(58): ApiController->filterAccessControl()
#4 /Applications/XAMPP/xamppfiles/htdocs/yii_api_bong_da/framework/web/filters/CFilterChain.php(130): CInlineFilter->filter()
#5 /Applications/XAMPP/xamppfiles/htdocs/yii_api_bong_da/framework/web/CController.php(291): CFilterChain->run()
#6 /Applications/XAMPP/xamppfiles/htdocs/yii_api_bong_da/framework/web/CController.php(265): ApiController->runActionWithFilters()
#7 /Applications/XAMPP/xamppfiles/htdocs/yii_api_bong_da/framework/web/CWebApplication.php(282): ApiController->run()
#8 /Applications/XAMPP/xamppfiles/htdocs/yii_api_bong_da/framework/web/CWebApplication.php(141): CWebApplication->runController()
#9 /Applications/XAMPP/xamppfiles/htdocs/yii_api_bong_da/framework/base/CApplication.php(180): CWebApplication->processRequest()
#10 /Applications/XAMPP/xamppfiles/htdocs/yii_api_bong_da/www/index.php(13): CWebApplication->run()
REQUEST_URI=/yii_api_bong_da/www/index.php/api/video?app_id=1&md5=372d74ec3935e9418b5b7187cd471f65$cate_id=1
in /Applications/XAMPP/xamppfiles/htdocs/yii_api_bong_da/www/protected/controllers/ApiController.php (55)
in /Applications/XAMPP/xamppfiles/htdocs/yii_api_bong_da/www/index.php (13)
2014/06/18 11:04:57 [error] [php] Undefined variable: android_push (/Applications/XAMPP/xamppfiles/htdocs/api_bong_da/www/protected/controllers/ApiController.php:132)
Stack trace:
#0 /Applications/XAMPP/xamppfiles/htdocs/api_bong_da/framework/web/filters/CFilterChain.php(133): ApiController->runAction()
#1 /Applications/XAMPP/xamppfiles/htdocs/api_bong_da/framework/web/filters/CFilter.php(40): CFilterChain->run()
#2 /Applications/XAMPP/xamppfiles/htdocs/api_bong_da/framework/web/CController.php(1145): CAccessControlFilter->filter()
#3 /Applications/XAMPP/xamppfiles/htdocs/api_bong_da/framework/web/filters/CInlineFilter.php(58): ApiController->filterAccessControl()
#4 /Applications/XAMPP/xamppfiles/htdocs/api_bong_da/framework/web/filters/CFilterChain.php(130): CInlineFilter->filter()
#5 /Applications/XAMPP/xamppfiles/htdocs/api_bong_da/framework/web/CController.php(291): CFilterChain->run()
#6 /Applications/XAMPP/xamppfiles/htdocs/api_bong_da/framework/web/CController.php(265): ApiController->runActionWithFilters()
#7 /Applications/XAMPP/xamppfiles/htdocs/api_bong_da/framework/web/CWebApplication.php(282): ApiController->run()
#8 /Applications/XAMPP/xamppfiles/htdocs/api_bong_da/framework/web/CWebApplication.php(141): CWebApplication->runController()
#9 /Applications/XAMPP/xamppfiles/htdocs/api_bong_da/framework/base/CApplication.php(180): CWebApplication->processRequest()
#10 /Applications/XAMPP/xamppfiles/htdocs/api_bong_da/www/index.php(13): CWebApplication->run()
REQUEST_URI=/api_bong_da/www/index.php/api/push
in /Applications/XAMPP/xamppfiles/htdocs/api_bong_da/www/protected/controllers/ApiController.php (132)
in /Applications/XAMPP/xamppfiles/htdocs/api_bong_da/www/index.php (13)
2014/06/18 11:05:31 [error] [php] Undefined variable: android_push (/Applications/XAMPP/xamppfiles/htdocs/api_bong_da/www/protected/controllers/ApiController.php:132)
Stack trace:
#0 /Applications/XAMPP/xamppfiles/htdocs/api_bong_da/framework/web/filters/CFilterChain.php(133): ApiController->runAction()
#1 /Applications/XAMPP/xamppfiles/htdocs/api_bong_da/framework/web/filters/CFilter.php(40): CFilterChain->run()
#2 /Applications/XAMPP/xamppfiles/htdocs/api_bong_da/framework/web/CController.php(1145): CAccessControlFilter->filter()
#3 /Applications/XAMPP/xamppfiles/htdocs/api_bong_da/framework/web/filters/CInlineFilter.php(58): ApiController->filterAccessControl()
#4 /Applications/XAMPP/xamppfiles/htdocs/api_bong_da/framework/web/filters/CFilterChain.php(130): CInlineFilter->filter()
#5 /Applications/XAMPP/xamppfiles/htdocs/api_bong_da/framework/web/CController.php(291): CFilterChain->run()
#6 /Applications/XAMPP/xamppfiles/htdocs/api_bong_da/framework/web/CController.php(265): ApiController->runActionWithFilters()
#7 /Applications/XAMPP/xamppfiles/htdocs/api_bong_da/framework/web/CWebApplication.php(282): ApiController->run()
#8 /Applications/XAMPP/xamppfiles/htdocs/api_bong_da/framework/web/CWebApplication.php(141): CWebApplication->runController()
#9 /Applications/XAMPP/xamppfiles/htdocs/api_bong_da/framework/base/CApplication.php(180): CWebApplication->processRequest()
#10 /Applications/XAMPP/xamppfiles/htdocs/api_bong_da/www/index.php(13): CWebApplication->run()
REQUEST_URI=/api_bong_da/www/index.php/api/regtoken
in /Applications/XAMPP/xamppfiles/htdocs/api_bong_da/www/protected/controllers/ApiController.php (132)
in /Applications/XAMPP/xamppfiles/htdocs/api_bong_da/www/index.php (13)
2014/06/18 06:30:00 [error] [php] Undefined index: device_type (/Applications/XAMPP/xamppfiles/htdocs/api_bong_da/www/protected/controllers/ApiController.php:121)
Stack trace:
#0 /Applications/XAMPP/xamppfiles/htdocs/api_bong_da/framework/web/filters/CFilterChain.php(133): ApiController->runAction()
#1 /Applications/XAMPP/xamppfiles/htdocs/api_bong_da/framework/web/filters/CFilter.php(40): CFilterChain->run()
#2 /Applications/XAMPP/xamppfiles/htdocs/api_bong_da/framework/web/CController.php(1145): CAccessControlFilter->filter()
#3 /Applications/XAMPP/xamppfiles/htdocs/api_bong_da/framework/web/filters/CInlineFilter.php(58): ApiController->filterAccessControl()
#4 /Applications/XAMPP/xamppfiles/htdocs/api_bong_da/framework/web/filters/CFilterChain.php(130): CInlineFilter->filter()
#5 /Applications/XAMPP/xamppfiles/htdocs/api_bong_da/framework/web/CController.php(291): CFilterChain->run()
#6 /Applications/XAMPP/xamppfiles/htdocs/api_bong_da/framework/web/CController.php(265): ApiController->runActionWithFilters()
#7 /Applications/XAMPP/xamppfiles/htdocs/api_bong_da/framework/web/CWebApplication.php(282): ApiController->run()
#8 /Applications/XAMPP/xamppfiles/htdocs/api_bong_da/framework/web/CWebApplication.php(141): CWebApplication->runController()
#9 /Applications/XAMPP/xamppfiles/htdocs/api_bong_da/framework/base/CApplication.php(180): CWebApplication->processRequest()
#10 /Applications/XAMPP/xamppfiles/htdocs/api_bong_da/www/index.php(13): CWebApplication->run()
REQUEST_URI=/api_bong_da/www/index.php/api/regtoken
in /Applications/XAMPP/xamppfiles/htdocs/api_bong_da/www/protected/controllers/ApiController.php (121)
in /Applications/XAMPP/xamppfiles/htdocs/api_bong_da/www/index.php (13)
2014/06/18 06:30:33 [error] [exception.CHttpException.404] exception 'CHttpException' with message 'The system is unable to find the requested action "regtoken&device_type=2&regid=SgmUJ44r5EDEQirKAMY1WaMj8JJNiE6bZLqdzoys1F4Pzc99KrMSCxKkUxY8arg4YmihdeIR4Ve5rm9EfRGZubitnsGmM".' in /Applications/XAMPP/xamppfiles/htdocs/api_bong_da/framework/web/CController.php:483
Stack trace:
#0 /Applications/XAMPP/xamppfiles/htdocs/api_bong_da/framework/web/CController.php(270): CController->missingAction('regtoken&device...')
#1 /Applications/XAMPP/xamppfiles/htdocs/api_bong_da/framework/web/CWebApplication.php(282): CController->run('regtoken&device...')
#2 /Applications/XAMPP/xamppfiles/htdocs/api_bong_da/framework/web/CWebApplication.php(141): CWebApplication->runController('api/regtoken&de...')
#3 /Applications/XAMPP/xamppfiles/htdocs/api_bong_da/framework/base/CApplication.php(180): CWebApplication->processRequest()
#4 /Applications/XAMPP/xamppfiles/htdocs/api_bong_da/www/index.php(13): CApplication->run()
#5 {main}
REQUEST_URI=/api_bong_da/www/index.php/api/regtoken&device_type=2&regid=SgmUJ44r5EDEQirKAMY1WaMj8JJNiE6bZLqdzoys1F4Pzc99KrMSCxKkUxY8arg4YmihdeIR4Ve5rm9EfRGZubitnsGmM
---
2014/06/18 06:30:44 [error] [php] Undefined index: device_type (/Applications/XAMPP/xamppfiles/htdocs/api_bong_da/www/protected/controllers/ApiController.php:121)
Stack trace:
#0 /Applications/XAMPP/xamppfiles/htdocs/api_bong_da/framework/web/filters/CFilterChain.php(133): ApiController->runAction()
#1 /Applications/XAMPP/xamppfiles/htdocs/api_bong_da/framework/web/filters/CFilter.php(40): CFilterChain->run()
#2 /Applications/XAMPP/xamppfiles/htdocs/api_bong_da/framework/web/CController.php(1145): CAccessControlFilter->filter()
#3 /Applications/XAMPP/xamppfiles/htdocs/api_bong_da/framework/web/filters/CInlineFilter.php(58): ApiController->filterAccessControl()
#4 /Applications/XAMPP/xamppfiles/htdocs/api_bong_da/framework/web/filters/CFilterChain.php(130): CInlineFilter->filter()
#5 /Applications/XAMPP/xamppfiles/htdocs/api_bong_da/framework/web/CController.php(291): CFilterChain->run()
#6 /Applications/XAMPP/xamppfiles/htdocs/api_bong_da/framework/web/CController.php(265): ApiController->runActionWithFilters()
#7 /Applications/XAMPP/xamppfiles/htdocs/api_bong_da/framework/web/CWebApplication.php(282): ApiController->run()
#8 /Applications/XAMPP/xamppfiles/htdocs/api_bong_da/framework/web/CWebApplication.php(141): CWebApplication->runController()
#9 /Applications/XAMPP/xamppfiles/htdocs/api_bong_da/framework/base/CApplication.php(180): CWebApplication->processRequest()
#10 /Applications/XAMPP/xamppfiles/htdocs/api_bong_da/www/index.php(13): CWebApplication->run()
REQUEST_URI=/api_bong_da/www/index.php/api/regtoken?device_type=2&regid=SgmUJ44r5EDEQirKAMY1WaMj8JJNiE6bZLqdzoys1F4Pzc99KrMSCxKkUxY8arg4YmihdeIR4Ve5rm9EfRGZubitnsGmM
in /Applications/XAMPP/xamppfiles/htdocs/api_bong_da/www/protected/controllers/ApiController.php (121)
in /Applications/XAMPP/xamppfiles/htdocs/api_bong_da/www/index.php (13)
2014/06/18 06:31:03 [error] [php] Undefined index: device_type (/Applications/XAMPP/xamppfiles/htdocs/api_bong_da/www/protected/controllers/ApiController.php:121)
Stack trace:
#0 /Applications/XAMPP/xamppfiles/htdocs/api_bong_da/framework/web/filters/CFilterChain.php(133): ApiController->runAction()
#1 /Applications/XAMPP/xamppfiles/htdocs/api_bong_da/framework/web/filters/CFilter.php(40): CFilterChain->run()
#2 /Applications/XAMPP/xamppfiles/htdocs/api_bong_da/framework/web/CController.php(1145): CAccessControlFilter->filter()
#3 /Applications/XAMPP/xamppfiles/htdocs/api_bong_da/framework/web/filters/CInlineFilter.php(58): ApiController->filterAccessControl()
#4 /Applications/XAMPP/xamppfiles/htdocs/api_bong_da/framework/web/filters/CFilterChain.php(130): CInlineFilter->filter()
#5 /Applications/XAMPP/xamppfiles/htdocs/api_bong_da/framework/web/CController.php(291): CFilterChain->run()
#6 /Applications/XAMPP/xamppfiles/htdocs/api_bong_da/framework/web/CController.php(265): ApiController->runActionWithFilters()
#7 /Applications/XAMPP/xamppfiles/htdocs/api_bong_da/framework/web/CWebApplication.php(282): ApiController->run()
#8 /Applications/XAMPP/xamppfiles/htdocs/api_bong_da/framework/web/CWebApplication.php(141): CWebApplication->runController()
#9 /Applications/XAMPP/xamppfiles/htdocs/api_bong_da/framework/base/CApplication.php(180): CWebApplication->processRequest()
#10 /Applications/XAMPP/xamppfiles/htdocs/api_bong_da/www/index.php(13): CWebApplication->run()
REQUEST_URI=/api_bong_da/www/index.php/api/regtoken
in /Applications/XAMPP/xamppfiles/htdocs/api_bong_da/www/protected/controllers/ApiController.php (121)
in /Applications/XAMPP/xamppfiles/htdocs/api_bong_da/www/index.php (13)
2014/06/18 06:31:54 [error] [php] Undefined index: device_type (/Applications/XAMPP/xamppfiles/htdocs/api_bong_da/www/protected/controllers/ApiController.php:121)
Stack trace:
#0 /Applications/XAMPP/xamppfiles/htdocs/api_bong_da/framework/web/filters/CFilterChain.php(133): ApiController->runAction()
#1 /Applications/XAMPP/xamppfiles/htdocs/api_bong_da/framework/web/filters/CFilter.php(40): CFilterChain->run()
#2 /Applications/XAMPP/xamppfiles/htdocs/api_bong_da/framework/web/CController.php(1145): CAccessControlFilter->filter()
#3 /Applications/XAMPP/xamppfiles/htdocs/api_bong_da/framework/web/filters/CInlineFilter.php(58): ApiController->filterAccessControl()
#4 /Applications/XAMPP/xamppfiles/htdocs/api_bong_da/framework/web/filters/CFilterChain.php(130): CInlineFilter->filter()
#5 /Applications/XAMPP/xamppfiles/htdocs/api_bong_da/framework/web/CController.php(291): CFilterChain->run()
#6 /Applications/XAMPP/xamppfiles/htdocs/api_bong_da/framework/web/CController.php(265): ApiController->runActionWithFilters()
#7 /Applications/XAMPP/xamppfiles/htdocs/api_bong_da/framework/web/CWebApplication.php(282): ApiController->run()
#8 /Applications/XAMPP/xamppfiles/htdocs/api_bong_da/framework/web/CWebApplication.php(141): CWebApplication->runController()
#9 /Applications/XAMPP/xamppfiles/htdocs/api_bong_da/framework/base/CApplication.php(180): CWebApplication->processRequest()
#10 /Applications/XAMPP/xamppfiles/htdocs/api_bong_da/www/index.php(13): CWebApplication->run()
REQUEST_URI=/api_bong_da/www/index.php/api/regtoken
in /Applications/XAMPP/xamppfiles/htdocs/api_bong_da/www/protected/controllers/ApiController.php (121)
in /Applications/XAMPP/xamppfiles/htdocs/api_bong_da/www/index.php (13)
2014/06/18 06:37:20 [error] [system.db.CDbCommand] CDbCommand::execute() failed: SQLSTATE[23000]: Integrity constraint violation: 1062 Duplicate entry '9fadbe03e64c93999c0e61357f471a8f' for key 'token'. The SQL statement executed was: INSERT INTO `token` (`token`, `device_type`, `create_time`) VALUES (:yp0, :yp1, :yp2).
in /Applications/XAMPP/xamppfiles/htdocs/api_bong_da/www/protected/controllers/ApiController.php (129)
in /Applications/XAMPP/xamppfiles/htdocs/api_bong_da/www/index.php (13)
2014/06/18 06:37:20 [error] [exception.CDbException] exception 'CDbException' with message 'CDbCommand failed to execute the SQL statement: SQLSTATE[23000]: Integrity constraint violation: 1062 Duplicate entry '9fadbe03e64c93999c0e61357f471a8f' for key 'token'. The SQL statement executed was: INSERT INTO `token` (`token`, `device_type`, `create_time`) VALUES (:yp0, :yp1, :yp2)' in /Applications/XAMPP/xamppfiles/htdocs/api_bong_da/framework/db/CDbCommand.php:358
Stack trace:
#0 /Applications/XAMPP/xamppfiles/htdocs/api_bong_da/framework/db/ar/CActiveRecord.php(1077): CDbCommand->execute()
#1 /Applications/XAMPP/xamppfiles/htdocs/api_bong_da/framework/db/ar/CActiveRecord.php(806): CActiveRecord->insert(NULL)
#2 /Applications/XAMPP/xamppfiles/htdocs/api_bong_da/www/protected/controllers/ApiController.php(129): CActiveRecord->save()
#3 /Applications/XAMPP/xamppfiles/htdocs/api_bong_da/framework/web/actions/CInlineAction.php(49): ApiController->actionRegToken()
#4 /Applications/XAMPP/xamppfiles/htdocs/api_bong_da/framework/web/CController.php(308): CInlineAction->runWithParams(Array)
#5 /Applications/XAMPP/xamppfiles/htdocs/api_bong_da/framework/web/filters/CFilterChain.php(133): CController->runAction(Object(CInlineAction))
#6 /Applications/XAMPP/xamppfiles/htdocs/api_bong_da/framework/web/filters/CFilter.php(40): CFilterChain->run()
#7 /Applications/XAMPP/xamppfiles/htdocs/api_bong_da/framework/web/CController.php(1145): CFilter->filter(Object(CFilterChain))
#8 /Applications/XAMPP/xamppfiles/htdocs/api_bong_da/framework/web/filters/CInlineFilter.php(58): CController->filterAccessControl(Object(CFilterChain))
#9 /Applications/XAMPP/xamppfiles/htdocs/api_bong_da/framework/web/filters/CFilterChain.php(130): CInlineFilter->filter(Object(CFilterChain))
#10 /Applications/XAMPP/xamppfiles/htdocs/api_bong_da/framework/web/CController.php(291): CFilterChain->run()
#11 /Applications/XAMPP/xamppfiles/htdocs/api_bong_da/framework/web/CController.php(265): CController->runActionWithFilters(Object(CInlineAction), Array)
#12 /Applications/XAMPP/xamppfiles/htdocs/api_bong_da/framework/web/CWebApplication.php(282): CController->run('regtoken')
#13 /Applications/XAMPP/xamppfiles/htdocs/api_bong_da/framework/web/CWebApplication.php(141): CWebApplication->runController('api/regtoken')
#14 /Applications/XAMPP/xamppfiles/htdocs/api_bong_da/framework/base/CApplication.php(180): CWebApplication->processRequest()
#15 /Applications/XAMPP/xamppfiles/htdocs/api_bong_da/www/index.php(13): CApplication->run()
#16 {main}
REQUEST_URI=/api_bong_da/www/index.php/api/regtoken
---
2014/06/18 11:59:29 [error] [exception.CException] exception 'CException' with message 'Property "Token.count" is not defined.' in /Applications/XAMPP/xamppfiles/htdocs/api_bong_da/framework/base/CComponent.php:130
Stack trace:
#0 /Applications/XAMPP/xamppfiles/htdocs/api_bong_da/framework/db/ar/CActiveRecord.php(145): CComponent->__get('count')
#1 /Applications/XAMPP/xamppfiles/htdocs/api_bong_da/www/protected/controllers/ApiController.php(184): CActiveRecord->__get('count')
#2 /Applications/XAMPP/xamppfiles/htdocs/api_bong_da/framework/web/actions/CInlineAction.php(49): ApiController->actionPush()
#3 /Applications/XAMPP/xamppfiles/htdocs/api_bong_da/framework/web/CController.php(308): CInlineAction->runWithParams(Array)
#4 /Applications/XAMPP/xamppfiles/htdocs/api_bong_da/framework/web/filters/CFilterChain.php(133): CController->runAction(Object(CInlineAction))
#5 /Applications/XAMPP/xamppfiles/htdocs/api_bong_da/framework/web/filters/CFilter.php(40): CFilterChain->run()
#6 /Applications/XAMPP/xamppfiles/htdocs/api_bong_da/framework/web/CController.php(1145): CFilter->filter(Object(CFilterChain))
#7 /Applications/XAMPP/xamppfiles/htdocs/api_bong_da/framework/web/filters/CInlineFilter.php(58): CController->filterAccessControl(Object(CFilterChain))
#8 /Applications/XAMPP/xamppfiles/htdocs/api_bong_da/framework/web/filters/CFilterChain.php(130): CInlineFilter->filter(Object(CFilterChain))
#9 /Applications/XAMPP/xamppfiles/htdocs/api_bong_da/framework/web/CController.php(291): CFilterChain->run()
#10 /Applications/XAMPP/xamppfiles/htdocs/api_bong_da/framework/web/CController.php(265): CController->runActionWithFilters(Object(CInlineAction), Array)
#11 /Applications/XAMPP/xamppfiles/htdocs/api_bong_da/framework/web/CWebApplication.php(282): CController->run('push')
#12 /Applications/XAMPP/xamppfiles/htdocs/api_bong_da/framework/web/CWebApplication.php(141): CWebApplication->runController('api/push')
#13 /Applications/XAMPP/xamppfiles/htdocs/api_bong_da/framework/base/CApplication.php(180): CWebApplication->processRequest()
#14 /Applications/XAMPP/xamppfiles/htdocs/api_bong_da/www/index.php(13): CApplication->run()
#15 {main}
REQUEST_URI=/api_bong_da/www/index.php/api/push
---
2014/06/18 12:00:20 [error] [php] Trying to get property of non-object (/Applications/XAMPP/xamppfiles/htdocs/api_bong_da/www/protected/controllers/ApiController.php:185)
Stack trace:
#0 /Applications/XAMPP/xamppfiles/htdocs/api_bong_da/framework/web/filters/CFilterChain.php(133): ApiController->runAction()
#1 /Applications/XAMPP/xamppfiles/htdocs/api_bong_da/framework/web/filters/CFilter.php(40): CFilterChain->run()
#2 /Applications/XAMPP/xamppfiles/htdocs/api_bong_da/framework/web/CController.php(1145): CAccessControlFilter->filter()
#3 /Applications/XAMPP/xamppfiles/htdocs/api_bong_da/framework/web/filters/CInlineFilter.php(58): ApiController->filterAccessControl()
#4 /Applications/XAMPP/xamppfiles/htdocs/api_bong_da/framework/web/filters/CFilterChain.php(130): CInlineFilter->filter()
#5 /Applications/XAMPP/xamppfiles/htdocs/api_bong_da/framework/web/CController.php(291): CFilterChain->run()
#6 /Applications/XAMPP/xamppfiles/htdocs/api_bong_da/framework/web/CController.php(265): ApiController->runActionWithFilters()
#7 /Applications/XAMPP/xamppfiles/htdocs/api_bong_da/framework/web/CWebApplication.php(282): ApiController->run()
#8 /Applications/XAMPP/xamppfiles/htdocs/api_bong_da/framework/web/CWebApplication.php(141): CWebApplication->runController()
#9 /Applications/XAMPP/xamppfiles/htdocs/api_bong_da/framework/base/CApplication.php(180): CWebApplication->processRequest()
#10 /Applications/XAMPP/xamppfiles/htdocs/api_bong_da/www/index.php(13): CWebApplication->run()
REQUEST_URI=/api_bong_da/www/index.php/api/push
in /Applications/XAMPP/xamppfiles/htdocs/api_bong_da/www/protected/controllers/ApiController.php (185)
in /Applications/XAMPP/xamppfiles/htdocs/api_bong_da/www/index.php (13)
2014/06/18 14:08:28 [error] [php] Undefined index: device_type (/Applications/XAMPP/xamppfiles/htdocs/api_bong_da/www/protected/controllers/ApiController.php:182)
Stack trace:
#0 /Applications/XAMPP/xamppfiles/htdocs/api_bong_da/framework/web/filters/CFilterChain.php(133): ApiController->runAction()
#1 /Applications/XAMPP/xamppfiles/htdocs/api_bong_da/framework/web/filters/CFilter.php(40): CFilterChain->run()
#2 /Applications/XAMPP/xamppfiles/htdocs/api_bong_da/framework/web/CController.php(1145): CAccessControlFilter->filter()
#3 /Applications/XAMPP/xamppfiles/htdocs/api_bong_da/framework/web/filters/CInlineFilter.php(58): ApiController->filterAccessControl()
#4 /Applications/XAMPP/xamppfiles/htdocs/api_bong_da/framework/web/filters/CFilterChain.php(130): CInlineFilter->filter()
#5 /Applications/XAMPP/xamppfiles/htdocs/api_bong_da/framework/web/CController.php(291): CFilterChain->run()
#6 /Applications/XAMPP/xamppfiles/htdocs/api_bong_da/framework/web/CController.php(265): ApiController->runActionWithFilters()
#7 /Applications/XAMPP/xamppfiles/htdocs/api_bong_da/framework/web/CWebApplication.php(282): ApiController->run()
#8 /Applications/XAMPP/xamppfiles/htdocs/api_bong_da/framework/web/CWebApplication.php(141): CWebApplication->runController()
#9 /Applications/XAMPP/xamppfiles/htdocs/api_bong_da/framework/base/CApplication.php(180): CWebApplication->processRequest()
#10 /Applications/XAMPP/xamppfiles/htdocs/api_bong_da/www/index.php(13): CWebApplication->run()
REQUEST_URI=/api_bong_da/www/index.php/api/push
in /Applications/XAMPP/xamppfiles/htdocs/api_bong_da/www/protected/controllers/ApiController.php (182)
in /Applications/XAMPP/xamppfiles/htdocs/api_bong_da/www/index.php (13)
2014/06/18 16:36:58 [error] [php] Undefined index: device_type (/Applications/XAMPP/xamppfiles/htdocs/api_bong_da/www/protected/controllers/ApiController.php:182)
Stack trace:
#0 /Applications/XAMPP/xamppfiles/htdocs/api_bong_da/framework/web/filters/CFilterChain.php(133): ApiController->runAction()
#1 /Applications/XAMPP/xamppfiles/htdocs/api_bong_da/framework/web/filters/CFilter.php(40): CFilterChain->run()
#2 /Applications/XAMPP/xamppfiles/htdocs/api_bong_da/framework/web/CController.php(1145): CAccessControlFilter->filter()
#3 /Applications/XAMPP/xamppfiles/htdocs/api_bong_da/framework/web/filters/CInlineFilter.php(58): ApiController->filterAccessControl()
#4 /Applications/XAMPP/xamppfiles/htdocs/api_bong_da/framework/web/filters/CFilterChain.php(130): CInlineFilter->filter()
#5 /Applications/XAMPP/xamppfiles/htdocs/api_bong_da/framework/web/CController.php(291): CFilterChain->run()
#6 /Applications/XAMPP/xamppfiles/htdocs/api_bong_da/framework/web/CController.php(265): ApiController->runActionWithFilters()
#7 /Applications/XAMPP/xamppfiles/htdocs/api_bong_da/framework/web/CWebApplication.php(282): ApiController->run()
#8 /Applications/XAMPP/xamppfiles/htdocs/api_bong_da/framework/web/CWebApplication.php(141): CWebApplication->runController()
#9 /Applications/XAMPP/xamppfiles/htdocs/api_bong_da/framework/base/CApplication.php(180): CWebApplication->processRequest()
#10 /Applications/XAMPP/xamppfiles/htdocs/api_bong_da/www/index.php(13): CWebApplication->run()
REQUEST_URI=/api_bong_da/www/index.php/api/push
in /Applications/XAMPP/xamppfiles/htdocs/api_bong_da/www/protected/controllers/ApiController.php (182)
in /Applications/XAMPP/xamppfiles/htdocs/api_bong_da/www/index.php (13)
2014/06/18 16:37:35 [error] [php] Undefined index: device_type (/Applications/XAMPP/xamppfiles/htdocs/api_bong_da/www/protected/controllers/ApiController.php:181)
Stack trace:
#0 /Applications/XAMPP/xamppfiles/htdocs/api_bong_da/framework/web/filters/CFilterChain.php(133): ApiController->runAction()
#1 /Applications/XAMPP/xamppfiles/htdocs/api_bong_da/framework/web/filters/CFilter.php(40): CFilterChain->run()
#2 /Applications/XAMPP/xamppfiles/htdocs/api_bong_da/framework/web/CController.php(1145): CAccessControlFilter->filter()
#3 /Applications/XAMPP/xamppfiles/htdocs/api_bong_da/framework/web/filters/CInlineFilter.php(58): ApiController->filterAccessControl()
#4 /Applications/XAMPP/xamppfiles/htdocs/api_bong_da/framework/web/filters/CFilterChain.php(130): CInlineFilter->filter()
#5 /Applications/XAMPP/xamppfiles/htdocs/api_bong_da/framework/web/CController.php(291): CFilterChain->run()
#6 /Applications/XAMPP/xamppfiles/htdocs/api_bong_da/framework/web/CController.php(265): ApiController->runActionWithFilters()
#7 /Applications/XAMPP/xamppfiles/htdocs/api_bong_da/framework/web/CWebApplication.php(282): ApiController->run()
#8 /Applications/XAMPP/xamppfiles/htdocs/api_bong_da/framework/web/CWebApplication.php(141): CWebApplication->runController()
#9 /Applications/XAMPP/xamppfiles/htdocs/api_bong_da/framework/base/CApplication.php(180): CWebApplication->processRequest()
#10 /Applications/XAMPP/xamppfiles/htdocs/api_bong_da/www/index.php(13): CWebApplication->run()
REQUEST_URI=/api_bong_da/www/index.php/api/push
in /Applications/XAMPP/xamppfiles/htdocs/api_bong_da/www/protected/controllers/ApiController.php (181)
in /Applications/XAMPP/xamppfiles/htdocs/api_bong_da/www/index.php (13)
2014/06/18 16:41:21 [error] [php] Undefined index: device_type (/Applications/XAMPP/xamppfiles/htdocs/api_bong_da/www/protected/controllers/ApiController.php:181)
Stack trace:
#0 /Applications/XAMPP/xamppfiles/htdocs/api_bong_da/framework/web/filters/CFilterChain.php(133): ApiController->runAction()
#1 /Applications/XAMPP/xamppfiles/htdocs/api_bong_da/framework/web/filters/CFilter.php(40): CFilterChain->run()
#2 /Applications/XAMPP/xamppfiles/htdocs/api_bong_da/framework/web/CController.php(1145): CAccessControlFilter->filter()
#3 /Applications/XAMPP/xamppfiles/htdocs/api_bong_da/framework/web/filters/CInlineFilter.php(58): ApiController->filterAccessControl()
#4 /Applications/XAMPP/xamppfiles/htdocs/api_bong_da/framework/web/filters/CFilterChain.php(130): CInlineFilter->filter()
#5 /Applications/XAMPP/xamppfiles/htdocs/api_bong_da/framework/web/CController.php(291): CFilterChain->run()
#6 /Applications/XAMPP/xamppfiles/htdocs/api_bong_da/framework/web/CController.php(265): ApiController->runActionWithFilters()
#7 /Applications/XAMPP/xamppfiles/htdocs/api_bong_da/framework/web/CWebApplication.php(282): ApiController->run()
#8 /Applications/XAMPP/xamppfiles/htdocs/api_bong_da/framework/web/CWebApplication.php(141): CWebApplication->runController()
#9 /Applications/XAMPP/xamppfiles/htdocs/api_bong_da/framework/base/CApplication.php(180): CWebApplication->processRequest()
#10 /Applications/XAMPP/xamppfiles/htdocs/api_bong_da/www/index.php(13): CWebApplication->run()
REQUEST_URI=/api_bong_da/www/index.php/api/push
in /Applications/XAMPP/xamppfiles/htdocs/api_bong_da/www/protected/controllers/ApiController.php (181)
in /Applications/XAMPP/xamppfiles/htdocs/api_bong_da/www/index.php (13)
2014/06/18 16:41:23 [error] [php] Undefined index: device_type (/Applications/XAMPP/xamppfiles/htdocs/api_bong_da/www/protected/controllers/ApiController.php:181)
Stack trace:
#0 /Applications/XAMPP/xamppfiles/htdocs/api_bong_da/framework/web/filters/CFilterChain.php(133): ApiController->runAction()
#1 /Applications/XAMPP/xamppfiles/htdocs/api_bong_da/framework/web/filters/CFilter.php(40): CFilterChain->run()
#2 /Applications/XAMPP/xamppfiles/htdocs/api_bong_da/framework/web/CController.php(1145): CAccessControlFilter->filter()
#3 /Applications/XAMPP/xamppfiles/htdocs/api_bong_da/framework/web/filters/CInlineFilter.php(58): ApiController->filterAccessControl()
#4 /Applications/XAMPP/xamppfiles/htdocs/api_bong_da/framework/web/filters/CFilterChain.php(130): CInlineFilter->filter()
#5 /Applications/XAMPP/xamppfiles/htdocs/api_bong_da/framework/web/CController.php(291): CFilterChain->run()
#6 /Applications/XAMPP/xamppfiles/htdocs/api_bong_da/framework/web/CController.php(265): ApiController->runActionWithFilters()
#7 /Applications/XAMPP/xamppfiles/htdocs/api_bong_da/framework/web/CWebApplication.php(282): ApiController->run()
#8 /Applications/XAMPP/xamppfiles/htdocs/api_bong_da/framework/web/CWebApplication.php(141): CWebApplication->runController()
#9 /Applications/XAMPP/xamppfiles/htdocs/api_bong_da/framework/base/CApplication.php(180): CWebApplication->processRequest()
#10 /Applications/XAMPP/xamppfiles/htdocs/api_bong_da/www/index.php(13): CWebApplication->run()
REQUEST_URI=/api_bong_da/www/index.php/api/push
in /Applications/XAMPP/xamppfiles/htdocs/api_bong_da/www/protected/controllers/ApiController.php (181)
in /Applications/XAMPP/xamppfiles/htdocs/api_bong_da/www/index.php (13)
2014/06/18 16:42:17 [error] [php] include(GCM.php): failed to open stream: No such file or directory (/Applications/XAMPP/xamppfiles/htdocs/api_bong_da/framework/YiiBase.php:427)
Stack trace:
#0 /Applications/XAMPP/xamppfiles/htdocs/api_bong_da/www/protected/controllers/ApiController.php(195): spl_autoload_call()
#1 /Applications/XAMPP/xamppfiles/htdocs/api_bong_da/framework/web/actions/CInlineAction.php(49): ApiController->actionPush()
#2 /Applications/XAMPP/xamppfiles/htdocs/api_bong_da/framework/web/CController.php(308): CInlineAction->runWithParams()
#3 /Applications/XAMPP/xamppfiles/htdocs/api_bong_da/framework/web/filters/CFilterChain.php(133): ApiController->runAction()
#4 /Applications/XAMPP/xamppfiles/htdocs/api_bong_da/framework/web/filters/CFilter.php(40): CFilterChain->run()
#5 /Applications/XAMPP/xamppfiles/htdocs/api_bong_da/framework/web/CController.php(1145): CAccessControlFilter->filter()
#6 /Applications/XAMPP/xamppfiles/htdocs/api_bong_da/framework/web/filters/CInlineFilter.php(58): ApiController->filterAccessControl()
#7 /Applications/XAMPP/xamppfiles/htdocs/api_bong_da/framework/web/filters/CFilterChain.php(130): CInlineFilter->filter()
#8 /Applications/XAMPP/xamppfiles/htdocs/api_bong_da/framework/web/CController.php(291): CFilterChain->run()
#9 /Applications/XAMPP/xamppfiles/htdocs/api_bong_da/framework/web/CController.php(265): ApiController->runActionWithFilters()
#10 /Applications/XAMPP/xamppfiles/htdocs/api_bong_da/framework/web/CWebApplication.php(282): ApiController->run()
#11 /Applications/XAMPP/xamppfiles/htdocs/api_bong_da/framework/web/CWebApplication.php(141): CWebApplication->runController()
#12 /Applications/XAMPP/xamppfiles/htdocs/api_bong_da/framework/base/CApplication.php(180): CWebApplication->processRequest()
#13 /Applications/XAMPP/xamppfiles/htdocs/api_bong_da/www/index.php(13): CWebApplication->run()
REQUEST_URI=/api_bong_da/www/index.php/api/push
in /Applications/XAMPP/xamppfiles/htdocs/api_bong_da/www/protected/controllers/ApiController.php (195)
in /Applications/XAMPP/xamppfiles/htdocs/api_bong_da/www/index.php (13)
2014/06/18 16:42:31 [error] [php] Undefined index: device_type (/Applications/XAMPP/xamppfiles/htdocs/api_bong_da/www/protected/controllers/ApiController.php:181)
Stack trace:
#0 /Applications/XAMPP/xamppfiles/htdocs/api_bong_da/framework/web/filters/CFilterChain.php(133): ApiController->runAction()
#1 /Applications/XAMPP/xamppfiles/htdocs/api_bong_da/framework/web/filters/CFilter.php(40): CFilterChain->run()
#2 /Applications/XAMPP/xamppfiles/htdocs/api_bong_da/framework/web/CController.php(1145): CAccessControlFilter->filter()
#3 /Applications/XAMPP/xamppfiles/htdocs/api_bong_da/framework/web/filters/CInlineFilter.php(58): ApiController->filterAccessControl()
#4 /Applications/XAMPP/xamppfiles/htdocs/api_bong_da/framework/web/filters/CFilterChain.php(130): CInlineFilter->filter()
#5 /Applications/XAMPP/xamppfiles/htdocs/api_bong_da/framework/web/CController.php(291): CFilterChain->run()
#6 /Applications/XAMPP/xamppfiles/htdocs/api_bong_da/framework/web/CController.php(265): ApiController->runActionWithFilters()
#7 /Applications/XAMPP/xamppfiles/htdocs/api_bong_da/framework/web/CWebApplication.php(282): ApiController->run()
#8 /Applications/XAMPP/xamppfiles/htdocs/api_bong_da/framework/web/CWebApplication.php(141): CWebApplication->runController()
#9 /Applications/XAMPP/xamppfiles/htdocs/api_bong_da/framework/base/CApplication.php(180): CWebApplication->processRequest()
#10 /Applications/XAMPP/xamppfiles/htdocs/api_bong_da/www/index.php(13): CWebApplication->run()
REQUEST_URI=/api_bong_da/www/index.php/api/push
in /Applications/XAMPP/xamppfiles/htdocs/api_bong_da/www/protected/controllers/ApiController.php (181)
in /Applications/XAMPP/xamppfiles/htdocs/api_bong_da/www/index.php (13)
2014/06/18 16:45:19 [error] [php] require_once(GCM.php): failed to open stream: No such file or directory (/Applications/XAMPP/xamppfiles/htdocs/api_bong_da/www/protected/controllers/ApiController.php:194)
Stack trace:
#0 /Applications/XAMPP/xamppfiles/htdocs/api_bong_da/framework/web/CController.php(308): CInlineAction->runWithParams()
#1 /Applications/XAMPP/xamppfiles/htdocs/api_bong_da/framework/web/filters/CFilterChain.php(133): ApiController->runAction()
#2 /Applications/XAMPP/xamppfiles/htdocs/api_bong_da/framework/web/filters/CFilter.php(40): CFilterChain->run()
#3 /Applications/XAMPP/xamppfiles/htdocs/api_bong_da/framework/web/CController.php(1145): CAccessControlFilter->filter()
#4 /Applications/XAMPP/xamppfiles/htdocs/api_bong_da/framework/web/filters/CInlineFilter.php(58): ApiController->filterAccessControl()
#5 /Applications/XAMPP/xamppfiles/htdocs/api_bong_da/framework/web/filters/CFilterChain.php(130): CInlineFilter->filter()
#6 /Applications/XAMPP/xamppfiles/htdocs/api_bong_da/framework/web/CController.php(291): CFilterChain->run()
#7 /Applications/XAMPP/xamppfiles/htdocs/api_bong_da/framework/web/CController.php(265): ApiController->runActionWithFilters()
#8 /Applications/XAMPP/xamppfiles/htdocs/api_bong_da/framework/web/CWebApplication.php(282): ApiController->run()
#9 /Applications/XAMPP/xamppfiles/htdocs/api_bong_da/framework/web/CWebApplication.php(141): CWebApplication->runController()
#10 /Applications/XAMPP/xamppfiles/htdocs/api_bong_da/framework/base/CApplication.php(180): CWebApplication->processRequest()
#11 /Applications/XAMPP/xamppfiles/htdocs/api_bong_da/www/index.php(13): CWebApplication->run()
REQUEST_URI=/api_bong_da/www/index.php/api/push
in /Applications/XAMPP/xamppfiles/htdocs/api_bong_da/www/protected/controllers/ApiController.php (194)
in /Applications/XAMPP/xamppfiles/htdocs/api_bong_da/www/protected/controllers/ApiController.php (194)
in /Applications/XAMPP/xamppfiles/htdocs/api_bong_da/www/index.php (13)
2014/06/18 16:50:22 [error] [php] require_once(GCM/GCM.php): failed to open stream: No such file or directory (/Applications/XAMPP/xamppfiles/htdocs/api_bong_da/www/protected/controllers/ApiController.php:195)
Stack trace:
#0 /Applications/XAMPP/xamppfiles/htdocs/api_bong_da/framework/web/CController.php(308): CInlineAction->runWithParams()
#1 /Applications/XAMPP/xamppfiles/htdocs/api_bong_da/framework/web/filters/CFilterChain.php(133): ApiController->runAction()
#2 /Applications/XAMPP/xamppfiles/htdocs/api_bong_da/framework/web/filters/CFilter.php(40): CFilterChain->run()
#3 /Applications/XAMPP/xamppfiles/htdocs/api_bong_da/framework/web/CController.php(1145): CAccessControlFilter->filter()
#4 /Applications/XAMPP/xamppfiles/htdocs/api_bong_da/framework/web/filters/CInlineFilter.php(58): ApiController->filterAccessControl()
#5 /Applications/XAMPP/xamppfiles/htdocs/api_bong_da/framework/web/filters/CFilterChain.php(130): CInlineFilter->filter()
#6 /Applications/XAMPP/xamppfiles/htdocs/api_bong_da/framework/web/CController.php(291): CFilterChain->run()
#7 /Applications/XAMPP/xamppfiles/htdocs/api_bong_da/framework/web/CController.php(265): ApiController->runActionWithFilters()
#8 /Applications/XAMPP/xamppfiles/htdocs/api_bong_da/framework/web/CWebApplication.php(282): ApiController->run()
#9 /Applications/XAMPP/xamppfiles/htdocs/api_bong_da/framework/web/CWebApplication.php(141): CWebApplication->runController()
#10 /Applications/XAMPP/xamppfiles/htdocs/api_bong_da/framework/base/CApplication.php(180): CWebApplication->processRequest()
#11 /Applications/XAMPP/xamppfiles/htdocs/api_bong_da/www/index.php(13): CWebApplication->run()
REQUEST_URI=/api_bong_da/www/index.php/api/push
in /Applications/XAMPP/xamppfiles/htdocs/api_bong_da/www/protected/controllers/ApiController.php (195)
in /Applications/XAMPP/xamppfiles/htdocs/api_bong_da/www/protected/controllers/ApiController.php (195)
in /Applications/XAMPP/xamppfiles/htdocs/api_bong_da/www/index.php (13)
2014/06/18 17:10:53 [error] [php] Undefined variable: gcm (/Applications/XAMPP/xamppfiles/htdocs/api_bong_da/www/protected/controllers/ApiController.php:196)
Stack trace:
#0 /Applications/XAMPP/xamppfiles/htdocs/api_bong_da/framework/web/filters/CFilterChain.php(133): ApiController->runAction()
#1 /Applications/XAMPP/xamppfiles/htdocs/api_bong_da/framework/web/filters/CFilter.php(40): CFilterChain->run()
#2 /Applications/XAMPP/xamppfiles/htdocs/api_bong_da/framework/web/CController.php(1145): CAccessControlFilter->filter()
#3 /Applications/XAMPP/xamppfiles/htdocs/api_bong_da/framework/web/filters/CInlineFilter.php(58): ApiController->filterAccessControl()
#4 /Applications/XAMPP/xamppfiles/htdocs/api_bong_da/framework/web/filters/CFilterChain.php(130): CInlineFilter->filter()
#5 /Applications/XAMPP/xamppfiles/htdocs/api_bong_da/framework/web/CController.php(291): CFilterChain->run()
#6 /Applications/XAMPP/xamppfiles/htdocs/api_bong_da/framework/web/CController.php(265): ApiController->runActionWithFilters()
#7 /Applications/XAMPP/xamppfiles/htdocs/api_bong_da/framework/web/CWebApplication.php(282): ApiController->run()
#8 /Applications/XAMPP/xamppfiles/htdocs/api_bong_da/framework/web/CWebApplication.php(141): CWebApplication->runController()
#9 /Applications/XAMPP/xamppfiles/htdocs/api_bong_da/framework/base/CApplication.php(180): CWebApplication->processRequest()
#10 /Applications/XAMPP/xamppfiles/htdocs/api_bong_da/www/index.php(13): CWebApplication->run()
REQUEST_URI=/api_bong_da/www/index.php/api/push
in /Applications/XAMPP/xamppfiles/htdocs/api_bong_da/www/protected/controllers/ApiController.php (196)
in /Applications/XAMPP/xamppfiles/htdocs/api_bong_da/www/index.php (13)
2014/06/18 22:54:03 [error] [php] Undefined index: device_type (/Applications/XAMPP/xamppfiles/htdocs/api_bong_da/www/protected/controllers/ApiController.php:181)
Stack trace:
#0 /Applications/XAMPP/xamppfiles/htdocs/api_bong_da/framework/web/filters/CFilterChain.php(133): ApiController->runAction()
#1 /Applications/XAMPP/xamppfiles/htdocs/api_bong_da/framework/web/filters/CFilter.php(40): CFilterChain->run()
#2 /Applications/XAMPP/xamppfiles/htdocs/api_bong_da/framework/web/CController.php(1145): CAccessControlFilter->filter()
#3 /Applications/XAMPP/xamppfiles/htdocs/api_bong_da/framework/web/filters/CInlineFilter.php(58): ApiController->filterAccessControl()
#4 /Applications/XAMPP/xamppfiles/htdocs/api_bong_da/framework/web/filters/CFilterChain.php(130): CInlineFilter->filter()
#5 /Applications/XAMPP/xamppfiles/htdocs/api_bong_da/framework/web/CController.php(291): CFilterChain->run()
#6 /Applications/XAMPP/xamppfiles/htdocs/api_bong_da/framework/web/CController.php(265): ApiController->runActionWithFilters()
#7 /Applications/XAMPP/xamppfiles/htdocs/api_bong_da/framework/web/CWebApplication.php(282): ApiController->run()
#8 /Applications/XAMPP/xamppfiles/htdocs/api_bong_da/framework/web/CWebApplication.php(141): CWebApplication->runController()
#9 /Applications/XAMPP/xamppfiles/htdocs/api_bong_da/framework/base/CApplication.php(180): CWebApplication->processRequest()
#10 /Applications/XAMPP/xamppfiles/htdocs/api_bong_da/www/index.php(13): CWebApplication->run()
REQUEST_URI=/api_bong_da/www/index.php/api/push
in /Applications/XAMPP/xamppfiles/htdocs/api_bong_da/www/protected/controllers/ApiController.php (181)
in /Applications/XAMPP/xamppfiles/htdocs/api_bong_da/www/index.php (13)
2014/06/18 22:54:16 [error] [php] require_once(GCM/GCM.php): failed to open stream: No such file or directory (/Applications/XAMPP/xamppfiles/htdocs/api_bong_da/www/protected/controllers/ApiController.php:196)
Stack trace:
#0 /Applications/XAMPP/xamppfiles/htdocs/api_bong_da/framework/web/CController.php(308): CInlineAction->runWithParams()
#1 /Applications/XAMPP/xamppfiles/htdocs/api_bong_da/framework/web/filters/CFilterChain.php(133): ApiController->runAction()
#2 /Applications/XAMPP/xamppfiles/htdocs/api_bong_da/framework/web/filters/CFilter.php(40): CFilterChain->run()
#3 /Applications/XAMPP/xamppfiles/htdocs/api_bong_da/framework/web/CController.php(1145): CAccessControlFilter->filter()
#4 /Applications/XAMPP/xamppfiles/htdocs/api_bong_da/framework/web/filters/CInlineFilter.php(58): ApiController->filterAccessControl()
#5 /Applications/XAMPP/xamppfiles/htdocs/api_bong_da/framework/web/filters/CFilterChain.php(130): CInlineFilter->filter()
#6 /Applications/XAMPP/xamppfiles/htdocs/api_bong_da/framework/web/CController.php(291): CFilterChain->run()
#7 /Applications/XAMPP/xamppfiles/htdocs/api_bong_da/framework/web/CController.php(265): ApiController->runActionWithFilters()
#8 /Applications/XAMPP/xamppfiles/htdocs/api_bong_da/framework/web/CWebApplication.php(282): ApiController->run()
#9 /Applications/XAMPP/xamppfiles/htdocs/api_bong_da/framework/web/CWebApplication.php(141): CWebApplication->runController()
#10 /Applications/XAMPP/xamppfiles/htdocs/api_bong_da/framework/base/CApplication.php(180): CWebApplication->processRequest()
#11 /Applications/XAMPP/xamppfiles/htdocs/api_bong_da/www/index.php(13): CWebApplication->run()
REQUEST_URI=/api_bong_da/www/index.php/api/push
in /Applications/XAMPP/xamppfiles/htdocs/api_bong_da/www/protected/controllers/ApiController.php (196)
in /Applications/XAMPP/xamppfiles/htdocs/api_bong_da/www/protected/controllers/ApiController.php (196)
in /Applications/XAMPP/xamppfiles/htdocs/api_bong_da/www/index.php (13)
2014/06/18 22:54:32 [error] [php] require_once(GCM.php): failed to open stream: No such file or directory (/Applications/XAMPP/xamppfiles/htdocs/api_bong_da/www/protected/controllers/ApiController.php:196)
Stack trace:
#0 /Applications/XAMPP/xamppfiles/htdocs/api_bong_da/framework/web/CController.php(308): CInlineAction->runWithParams()
#1 /Applications/XAMPP/xamppfiles/htdocs/api_bong_da/framework/web/filters/CFilterChain.php(133): ApiController->runAction()
#2 /Applications/XAMPP/xamppfiles/htdocs/api_bong_da/framework/web/filters/CFilter.php(40): CFilterChain->run()
#3 /Applications/XAMPP/xamppfiles/htdocs/api_bong_da/framework/web/CController.php(1145): CAccessControlFilter->filter()
#4 /Applications/XAMPP/xamppfiles/htdocs/api_bong_da/framework/web/filters/CInlineFilter.php(58): ApiController->filterAccessControl()
#5 /Applications/XAMPP/xamppfiles/htdocs/api_bong_da/framework/web/filters/CFilterChain.php(130): CInlineFilter->filter()
#6 /Applications/XAMPP/xamppfiles/htdocs/api_bong_da/framework/web/CController.php(291): CFilterChain->run()
#7 /Applications/XAMPP/xamppfiles/htdocs/api_bong_da/framework/web/CController.php(265): ApiController->runActionWithFilters()
#8 /Applications/XAMPP/xamppfiles/htdocs/api_bong_da/framework/web/CWebApplication.php(282): ApiController->run()
#9 /Applications/XAMPP/xamppfiles/htdocs/api_bong_da/framework/web/CWebApplication.php(141): CWebApplication->runController()
#10 /Applications/XAMPP/xamppfiles/htdocs/api_bong_da/framework/base/CApplication.php(180): CWebApplication->processRequest()
#11 /Applications/XAMPP/xamppfiles/htdocs/api_bong_da/www/index.php(13): CWebApplication->run()
REQUEST_URI=/api_bong_da/www/index.php/api/push
in /Applications/XAMPP/xamppfiles/htdocs/api_bong_da/www/protected/controllers/ApiController.php (196)
in /Applications/XAMPP/xamppfiles/htdocs/api_bong_da/www/protected/controllers/ApiController.php (196)
in /Applications/XAMPP/xamppfiles/htdocs/api_bong_da/www/index.php (13)
2014/06/18 18:31:40 [error] [php] file_put_contents(/Applications/XAMPP/xamppfiles/htdocs/api_bong_da/www/protected/runtime/gii-1.1.14/CrudCode.php): failed to open stream: Permission denied (/Applications/XAMPP/xamppfiles/htdocs/api_bong_da/framework/gii/CCodeModel.php:388)
Stack trace:
#0 /Applications/XAMPP/xamppfiles/htdocs/api_bong_da/framework/gii/CCodeGenerator.php(63): CrudGenerator->prepare()
#1 /Applications/XAMPP/xamppfiles/htdocs/api_bong_da/framework/web/actions/CInlineAction.php(49): CrudGenerator->actionIndex()
#2 /Applications/XAMPP/xamppfiles/htdocs/api_bong_da/framework/web/CController.php(308): CInlineAction->runWithParams()
#3 /Applications/XAMPP/xamppfiles/htdocs/api_bong_da/framework/web/CController.php(286): CrudGenerator->runAction()
#4 /Applications/XAMPP/xamppfiles/htdocs/api_bong_da/framework/web/CController.php(265): CrudGenerator->runActionWithFilters()
#5 /Applications/XAMPP/xamppfiles/htdocs/api_bong_da/framework/web/CWebApplication.php(282): CrudGenerator->run()
#6 /Applications/XAMPP/xamppfiles/htdocs/api_bong_da/framework/web/CWebApplication.php(141): CWebApplication->runController()
#7 /Applications/XAMPP/xamppfiles/htdocs/api_bong_da/framework/base/CApplication.php(180): CWebApplication->processRequest()
#8 /Applications/XAMPP/xamppfiles/htdocs/api_bong_da/www/index.php(13): CWebApplication->run()
REQUEST_URI=/api_bong_da/www/index.php/gii/crud/index
in /Applications/XAMPP/xamppfiles/htdocs/api_bong_da/www/index.php (13)
2014/06/18 18:32:51 [error] [php] file_put_contents(/Applications/XAMPP/xamppfiles/htdocs/api_bong_da/www/protected/runtime/gii-1.1.14/CrudCode.php): failed to open stream: Permission denied (/Applications/XAMPP/xamppfiles/htdocs/api_bong_da/framework/gii/CCodeModel.php:388)
Stack trace:
#0 /Applications/XAMPP/xamppfiles/htdocs/api_bong_da/framework/gii/CCodeGenerator.php(63): CrudGenerator->prepare()
#1 /Applications/XAMPP/xamppfiles/htdocs/api_bong_da/framework/web/actions/CInlineAction.php(49): CrudGenerator->actionIndex()
#2 /Applications/XAMPP/xamppfiles/htdocs/api_bong_da/framework/web/CController.php(308): CInlineAction->runWithParams()
#3 /Applications/XAMPP/xamppfiles/htdocs/api_bong_da/framework/web/CController.php(286): CrudGenerator->runAction()
#4 /Applications/XAMPP/xamppfiles/htdocs/api_bong_da/framework/web/CController.php(265): CrudGenerator->runActionWithFilters()
#5 /Applications/XAMPP/xamppfiles/htdocs/api_bong_da/framework/web/CWebApplication.php(282): CrudGenerator->run()
#6 /Applications/XAMPP/xamppfiles/htdocs/api_bong_da/framework/web/CWebApplication.php(141): CWebApplication->runController()
#7 /Applications/XAMPP/xamppfiles/htdocs/api_bong_da/framework/base/CApplication.php(180): CWebApplication->processRequest()
#8 /Applications/XAMPP/xamppfiles/htdocs/api_bong_da/www/index.php(13): CWebApplication->run()
REQUEST_URI=/api_bong_da/www/index.php/gii/crud/index
in /Applications/XAMPP/xamppfiles/htdocs/api_bong_da/www/index.php (13)
2014/06/18 18:33:53 [error] [php] file_put_contents(/Applications/XAMPP/xamppfiles/htdocs/api_bong_da/www/protected/runtime/gii-1.1.14/CrudCode.php): failed to open stream: Permission denied (/Applications/XAMPP/xamppfiles/htdocs/api_bong_da/framework/gii/CCodeModel.php:388)
Stack trace:
#0 /Applications/XAMPP/xamppfiles/htdocs/api_bong_da/framework/gii/CCodeGenerator.php(63): CrudGenerator->prepare()
#1 /Applications/XAMPP/xamppfiles/htdocs/api_bong_da/framework/web/actions/CInlineAction.php(49): CrudGenerator->actionIndex()
#2 /Applications/XAMPP/xamppfiles/htdocs/api_bong_da/framework/web/CController.php(308): CInlineAction->runWithParams()
#3 /Applications/XAMPP/xamppfiles/htdocs/api_bong_da/framework/web/CController.php(286): CrudGenerator->runAction()
#4 /Applications/XAMPP/xamppfiles/htdocs/api_bong_da/framework/web/CController.php(265): CrudGenerator->runActionWithFilters()
#5 /Applications/XAMPP/xamppfiles/htdocs/api_bong_da/framework/web/CWebApplication.php(282): CrudGenerator->run()
#6 /Applications/XAMPP/xamppfiles/htdocs/api_bong_da/framework/web/CWebApplication.php(141): CWebApplication->runController()
#7 /Applications/XAMPP/xamppfiles/htdocs/api_bong_da/framework/base/CApplication.php(180): CWebApplication->processRequest()
#8 /Applications/XAMPP/xamppfiles/htdocs/api_bong_da/www/index.php(13): CWebApplication->run()
REQUEST_URI=/api_bong_da/www/index.php/gii/crud/index
in /Applications/XAMPP/xamppfiles/htdocs/api_bong_da/www/index.php (13)
2014/06/18 18:34:28 [error] [php] file_put_contents(/Applications/XAMPP/xamppfiles/htdocs/api_bong_da/www/protected/runtime/gii-1.1.14/CrudCode.php): failed to open stream: Permission denied (/Applications/XAMPP/xamppfiles/htdocs/api_bong_da/framework/gii/CCodeModel.php:388)
Stack trace:
#0 /Applications/XAMPP/xamppfiles/htdocs/api_bong_da/framework/gii/CCodeGenerator.php(63): CrudGenerator->prepare()
#1 /Applications/XAMPP/xamppfiles/htdocs/api_bong_da/framework/web/actions/CInlineAction.php(49): CrudGenerator->actionIndex()
#2 /Applications/XAMPP/xamppfiles/htdocs/api_bong_da/framework/web/CController.php(308): CInlineAction->runWithParams()
#3 /Applications/XAMPP/xamppfiles/htdocs/api_bong_da/framework/web/CController.php(286): CrudGenerator->runAction()
#4 /Applications/XAMPP/xamppfiles/htdocs/api_bong_da/framework/web/CController.php(265): CrudGenerator->runActionWithFilters()
#5 /Applications/XAMPP/xamppfiles/htdocs/api_bong_da/framework/web/CWebApplication.php(282): CrudGenerator->run()
#6 /Applications/XAMPP/xamppfiles/htdocs/api_bong_da/framework/web/CWebApplication.php(141): CWebApplication->runController()
#7 /Applications/XAMPP/xamppfiles/htdocs/api_bong_da/framework/base/CApplication.php(180): CWebApplication->processRequest()
#8 /Applications/XAMPP/xamppfiles/htdocs/api_bong_da/www/index.php(13): CWebApplication->run()
REQUEST_URI=/api_bong_da/www/index.php/gii/crud/index
in /Applications/XAMPP/xamppfiles/htdocs/api_bong_da/www/index.php (13)
2014/06/18 23:49:22 [error] [php] Undefined variable: message (/Applications/XAMPP/xamppfiles/htdocs/api_bong_da/www/protected/controllers/ApiController.php:278)
Stack trace:
#0 /Applications/XAMPP/xamppfiles/htdocs/api_bong_da/framework/web/filters/CFilterChain.php(133): ApiController->runAction()
#1 /Applications/XAMPP/xamppfiles/htdocs/api_bong_da/framework/web/filters/CFilter.php(40): CFilterChain->run()
#2 /Applications/XAMPP/xamppfiles/htdocs/api_bong_da/framework/web/CController.php(1145): CAccessControlFilter->filter()
#3 /Applications/XAMPP/xamppfiles/htdocs/api_bong_da/framework/web/filters/CInlineFilter.php(58): ApiController->filterAccessControl()
#4 /Applications/XAMPP/xamppfiles/htdocs/api_bong_da/framework/web/filters/CFilterChain.php(130): CInlineFilter->filter()
#5 /Applications/XAMPP/xamppfiles/htdocs/api_bong_da/framework/web/CController.php(291): CFilterChain->run()
#6 /Applications/XAMPP/xamppfiles/htdocs/api_bong_da/framework/web/CController.php(265): ApiController->runActionWithFilters()
#7 /Applications/XAMPP/xamppfiles/htdocs/api_bong_da/framework/web/CWebApplication.php(282): ApiController->run()
#8 /Applications/XAMPP/xamppfiles/htdocs/api_bong_da/framework/web/CWebApplication.php(141): CWebApplication->runController()
#9 /Applications/XAMPP/xamppfiles/htdocs/api_bong_da/framework/base/CApplication.php(180): CWebApplication->processRequest()
#10 /Applications/XAMPP/xamppfiles/htdocs/api_bong_da/www/index.php(13): CWebApplication->run()
REQUEST_URI=/api_bong_da/www/index.php/api/push
in /Applications/XAMPP/xamppfiles/htdocs/api_bong_da/www/protected/controllers/ApiController.php (278)
in /Applications/XAMPP/xamppfiles/htdocs/api_bong_da/www/index.php (13)
2014/06/18 19:10:25 [error] [exception.CException] exception 'CException' with message 'Property "Categories.ID" is not defined.' in /Applications/XAMPP/xamppfiles/htdocs/api_bong_da/framework/base/CComponent.php:130
Stack trace:
#0 /Applications/XAMPP/xamppfiles/htdocs/api_bong_da/framework/db/ar/CActiveRecord.php(145): CComponent->__get('ID')
#1 /Applications/XAMPP/xamppfiles/htdocs/api_bong_da/framework/base/CModel.php(596): CActiveRecord->__get('ID')
#2 /Applications/XAMPP/xamppfiles/htdocs/api_bong_da/www/protected/models/Video.php(122): CModel->offsetGet('ID')
#3 /Applications/XAMPP/xamppfiles/htdocs/api_bong_da/www/protected/views/video/_form.php(23): Video->getCategoryOptions()
#4 /Applications/XAMPP/xamppfiles/htdocs/api_bong_da/framework/web/CBaseController.php(126): require('/Applications/X...')
#5 /Applications/XAMPP/xamppfiles/htdocs/api_bong_da/framework/web/CBaseController.php(95): CBaseController->renderInternal('/Applications/X...', Array, true)
#6 /Applications/XAMPP/xamppfiles/htdocs/api_bong_da/framework/web/CController.php(869): CBaseController->renderFile('/Applications/X...', Array, true)
#7 /Applications/XAMPP/xamppfiles/htdocs/api_bong_da/www/protected/views/video/create.php(18): CController->renderPartial('_form', Array)
#8 /Applications/XAMPP/xamppfiles/htdocs/api_bong_da/framework/web/CBaseController.php(126): require('/Applications/X...')
#9 /Applications/XAMPP/xamppfiles/htdocs/api_bong_da/framework/web/CBaseController.php(95): CBaseController->renderInternal('/Applications/X...', Array, true)
#10 /Applications/XAMPP/xamppfiles/htdocs/api_bong_da/framework/web/CController.php(869): CBaseController->renderFile('/Applications/X...', Array, true)
#11 /Applications/XAMPP/xamppfiles/htdocs/api_bong_da/framework/web/CController.php(782): CController->renderPartial('create', Array, true)
#12 /Applications/XAMPP/xamppfiles/htdocs/api_bong_da/www/protected/controllers/VideoController.php(79): CController->render('create', Array)
#13 /Applications/XAMPP/xamppfiles/htdocs/api_bong_da/framework/web/actions/CInlineAction.php(49): VideoController->actionCreate()
#14 /Applications/XAMPP/xamppfiles/htdocs/api_bong_da/framework/web/CController.php(308): CInlineAction->runWithParams(Array)
#15 /Applications/XAMPP/xamppfiles/htdocs/api_bong_da/framework/web/filters/CFilterChain.php(133): CController->runAction(Object(CInlineAction))
#16 /Applications/XAMPP/xamppfiles/htdocs/api_bong_da/framework/web/filters/CFilter.php(40): CFilterChain->run()
#17 /Applications/XAMPP/xamppfiles/htdocs/api_bong_da/framework/web/CController.php(1145): CFilter->filter(Object(CFilterChain))
#18 /Applications/XAMPP/xamppfiles/htdocs/api_bong_da/framework/web/filters/CInlineFilter.php(58): CController->filterAccessControl(Object(CFilterChain))
#19 /Applications/XAMPP/xamppfiles/htdocs/api_bong_da/framework/web/filters/CFilterChain.php(130): CInlineFilter->filter(Object(CFilterChain))
#20 /Applications/XAMPP/xamppfiles/htdocs/api_bong_da/framework/web/CController.php(291): CFilterChain->run()
#21 /Applications/XAMPP/xamppfiles/htdocs/api_bong_da/framework/web/CController.php(265): CController->runActionWithFilters(Object(CInlineAction), Array)
#22 /Applications/XAMPP/xamppfiles/htdocs/api_bong_da/framework/web/CWebApplication.php(282): CController->run('create')
#23 /Applications/XAMPP/xamppfiles/htdocs/api_bong_da/framework/web/CWebApplication.php(141): CWebApplication->runController('video/create')
#24 /Applications/XAMPP/xamppfiles/htdocs/api_bong_da/framework/base/CApplication.php(180): CWebApplication->processRequest()
#25 /Applications/XAMPP/xamppfiles/htdocs/api_bong_da/www/index.php(13): CApplication->run()
#26 {main}
REQUEST_URI=/api_bong_da/www/index.php/video/create
HTTP_REFERER=http://localhost/api_bong_da/www/index.php/site/login
---
2014/06/18 19:10:54 [error] [exception.CException] exception 'CException' with message 'Property "Video.Categories" is not defined.' in /Applications/XAMPP/xamppfiles/htdocs/api_bong_da/framework/base/CComponent.php:130
Stack trace:
#0 /Applications/XAMPP/xamppfiles/htdocs/api_bong_da/framework/db/ar/CActiveRecord.php(145): CComponent->__get('Categories')
#1 /Applications/XAMPP/xamppfiles/htdocs/api_bong_da/framework/web/helpers/CHtml.php(2529): CActiveRecord->__get('Categories')
#2 /Applications/XAMPP/xamppfiles/htdocs/api_bong_da/framework/web/helpers/CHtml.php(1802): CHtml::resolveValue(Object(Video), 'Categories')
#3 /Applications/XAMPP/xamppfiles/htdocs/api_bong_da/www/protected/views/video/_form.php(24): CHtml::activeDropDownList(Object(Video), 'Categories', Array)
#4 /Applications/XAMPP/xamppfiles/htdocs/api_bong_da/framework/web/CBaseController.php(126): require('/Applications/X...')
#5 /Applications/XAMPP/xamppfiles/htdocs/api_bong_da/framework/web/CBaseController.php(95): CBaseController->renderInternal('/Applications/X...', Array, true)
#6 /Applications/XAMPP/xamppfiles/htdocs/api_bong_da/framework/web/CController.php(869): CBaseController->renderFile('/Applications/X...', Array, true)
#7 /Applications/XAMPP/xamppfiles/htdocs/api_bong_da/www/protected/views/video/create.php(18): CController->renderPartial('_form', Array)
#8 /Applications/XAMPP/xamppfiles/htdocs/api_bong_da/framework/web/CBaseController.php(126): require('/Applications/X...')
#9 /Applications/XAMPP/xamppfiles/htdocs/api_bong_da/framework/web/CBaseController.php(95): CBaseController->renderInternal('/Applications/X...', Array, true)
#10 /Applications/XAMPP/xamppfiles/htdocs/api_bong_da/framework/web/CController.php(869): CBaseController->renderFile('/Applications/X...', Array, true)
#11 /Applications/XAMPP/xamppfiles/htdocs/api_bong_da/framework/web/CController.php(782): CController->renderPartial('create', Array, true)
#12 /Applications/XAMPP/xamppfiles/htdocs/api_bong_da/www/protected/controllers/VideoController.php(79): CController->render('create', Array)
#13 /Applications/XAMPP/xamppfiles/htdocs/api_bong_da/framework/web/actions/CInlineAction.php(49): VideoController->actionCreate()
#14 /Applications/XAMPP/xamppfiles/htdocs/api_bong_da/framework/web/CController.php(308): CInlineAction->runWithParams(Array)
#15 /Applications/XAMPP/xamppfiles/htdocs/api_bong_da/framework/web/filters/CFilterChain.php(133): CController->runAction(Object(CInlineAction))
#16 /Applications/XAMPP/xamppfiles/htdocs/api_bong_da/framework/web/filters/CFilter.php(40): CFilterChain->run()
#17 /Applications/XAMPP/xamppfiles/htdocs/api_bong_da/framework/web/CController.php(1145): CFilter->filter(Object(CFilterChain))
#18 /Applications/XAMPP/xamppfiles/htdocs/api_bong_da/framework/web/filters/CInlineFilter.php(58): CController->filterAccessControl(Object(CFilterChain))
#19 /Applications/XAMPP/xamppfiles/htdocs/api_bong_da/framework/web/filters/CFilterChain.php(130): CInlineFilter->filter(Object(CFilterChain))
#20 /Applications/XAMPP/xamppfiles/htdocs/api_bong_da/framework/web/CController.php(291): CFilterChain->run()
#21 /Applications/XAMPP/xamppfiles/htdocs/api_bong_da/framework/web/CController.php(265): CController->runActionWithFilters(Object(CInlineAction), Array)
#22 /Applications/XAMPP/xamppfiles/htdocs/api_bong_da/framework/web/CWebApplication.php(282): CController->run('create')
#23 /Applications/XAMPP/xamppfiles/htdocs/api_bong_da/framework/web/CWebApplication.php(141): CWebApplication->runController('video/create')
#24 /Applications/XAMPP/xamppfiles/htdocs/api_bong_da/framework/base/CApplication.php(180): CWebApplication->processRequest()
#25 /Applications/XAMPP/xamppfiles/htdocs/api_bong_da/www/index.php(13): CApplication->run()
#26 {main}
REQUEST_URI=/api_bong_da/www/index.php/video/create
HTTP_REFERER=http://localhost/api_bong_da/www/index.php/site/login
---
2014/06/18 19:11:33 [error] [exception.CException] exception 'CException' with message 'Property "Video.Video" is not defined.' in /Applications/XAMPP/xamppfiles/htdocs/api_bong_da/framework/base/CComponent.php:130
Stack trace:
#0 /Applications/XAMPP/xamppfiles/htdocs/api_bong_da/framework/db/ar/CActiveRecord.php(145): CComponent->__get('Video')
#1 /Applications/XAMPP/xamppfiles/htdocs/api_bong_da/framework/web/helpers/CHtml.php(2529): CActiveRecord->__get('Video')
#2 /Applications/XAMPP/xamppfiles/htdocs/api_bong_da/framework/web/helpers/CHtml.php(1802): CHtml::resolveValue(Object(Video), 'Video')
#3 /Applications/XAMPP/xamppfiles/htdocs/api_bong_da/www/protected/views/video/_form.php(24): CHtml::activeDropDownList(Object(Video), 'Video', Array)
#4 /Applications/XAMPP/xamppfiles/htdocs/api_bong_da/framework/web/CBaseController.php(126): require('/Applications/X...')
#5 /Applications/XAMPP/xamppfiles/htdocs/api_bong_da/framework/web/CBaseController.php(95): CBaseController->renderInternal('/Applications/X...', Array, true)
#6 /Applications/XAMPP/xamppfiles/htdocs/api_bong_da/framework/web/CController.php(869): CBaseController->renderFile('/Applications/X...', Array, true)
#7 /Applications/XAMPP/xamppfiles/htdocs/api_bong_da/www/protected/views/video/create.php(18): CController->renderPartial('_form', Array)
#8 /Applications/XAMPP/xamppfiles/htdocs/api_bong_da/framework/web/CBaseController.php(126): require('/Applications/X...')
#9 /Applications/XAMPP/xamppfiles/htdocs/api_bong_da/framework/web/CBaseController.php(95): CBaseController->renderInternal('/Applications/X...', Array, true)
#10 /Applications/XAMPP/xamppfiles/htdocs/api_bong_da/framework/web/CController.php(869): CBaseController->renderFile('/Applications/X...', Array, true)
#11 /Applications/XAMPP/xamppfiles/htdocs/api_bong_da/framework/web/CController.php(782): CController->renderPartial('create', Array, true)
#12 /Applications/XAMPP/xamppfiles/htdocs/api_bong_da/www/protected/controllers/VideoController.php(79): CController->render('create', Array)
#13 /Applications/XAMPP/xamppfiles/htdocs/api_bong_da/framework/web/actions/CInlineAction.php(49): VideoController->actionCreate()
#14 /Applications/XAMPP/xamppfiles/htdocs/api_bong_da/framework/web/CController.php(308): CInlineAction->runWithParams(Array)
#15 /Applications/XAMPP/xamppfiles/htdocs/api_bong_da/framework/web/filters/CFilterChain.php(133): CController->runAction(Object(CInlineAction))
#16 /Applications/XAMPP/xamppfiles/htdocs/api_bong_da/framework/web/filters/CFilter.php(40): CFilterChain->run()
#17 /Applications/XAMPP/xamppfiles/htdocs/api_bong_da/framework/web/CController.php(1145): CFilter->filter(Object(CFilterChain))
#18 /Applications/XAMPP/xamppfiles/htdocs/api_bong_da/framework/web/filters/CInlineFilter.php(58): CController->filterAccessControl(Object(CFilterChain))
#19 /Applications/XAMPP/xamppfiles/htdocs/api_bong_da/framework/web/filters/CFilterChain.php(130): CInlineFilter->filter(Object(CFilterChain))
#20 /Applications/XAMPP/xamppfiles/htdocs/api_bong_da/framework/web/CController.php(291): CFilterChain->run()
#21 /Applications/XAMPP/xamppfiles/htdocs/api_bong_da/framework/web/CController.php(265): CController->runActionWithFilters(Object(CInlineAction), Array)
#22 /Applications/XAMPP/xamppfiles/htdocs/api_bong_da/framework/web/CWebApplication.php(282): CController->run('create')
#23 /Applications/XAMPP/xamppfiles/htdocs/api_bong_da/framework/web/CWebApplication.php(141): CWebApplication->runController('video/create')
#24 /Applications/XAMPP/xamppfiles/htdocs/api_bong_da/framework/base/CApplication.php(180): CWebApplication->processRequest()
#25 /Applications/XAMPP/xamppfiles/htdocs/api_bong_da/www/index.php(13): CApplication->run()
#26 {main}
REQUEST_URI=/api_bong_da/www/index.php/video/create
HTTP_REFERER=http://localhost/api_bong_da/www/index.php/site/login
---
2014/06/18 19:11:34 [error] [exception.CException] exception 'CException' with message 'Property "Video.Video" is not defined.' in /Applications/XAMPP/xamppfiles/htdocs/api_bong_da/framework/base/CComponent.php:130
Stack trace:
#0 /Applications/XAMPP/xamppfiles/htdocs/api_bong_da/framework/db/ar/CActiveRecord.php(145): CComponent->__get('Video')
#1 /Applications/XAMPP/xamppfiles/htdocs/api_bong_da/framework/web/helpers/CHtml.php(2529): CActiveRecord->__get('Video')
#2 /Applications/XAMPP/xamppfiles/htdocs/api_bong_da/framework/web/helpers/CHtml.php(1802): CHtml::resolveValue(Object(Video), 'Video')
#3 /Applications/XAMPP/xamppfiles/htdocs/api_bong_da/www/protected/views/video/_form.php(24): CHtml::activeDropDownList(Object(Video), 'Video', Array)
#4 /Applications/XAMPP/xamppfiles/htdocs/api_bong_da/framework/web/CBaseController.php(126): require('/Applications/X...')
#5 /Applications/XAMPP/xamppfiles/htdocs/api_bong_da/framework/web/CBaseController.php(95): CBaseController->renderInternal('/Applications/X...', Array, true)
#6 /Applications/XAMPP/xamppfiles/htdocs/api_bong_da/framework/web/CController.php(869): CBaseController->renderFile('/Applications/X...', Array, true)
#7 /Applications/XAMPP/xamppfiles/htdocs/api_bong_da/www/protected/views/video/create.php(18): CController->renderPartial('_form', Array)
#8 /Applications/XAMPP/xamppfiles/htdocs/api_bong_da/framework/web/CBaseController.php(126): require('/Applications/X...')
#9 /Applications/XAMPP/xamppfiles/htdocs/api_bong_da/framework/web/CBaseController.php(95): CBaseController->renderInternal('/Applications/X...', Array, true)
#10 /Applications/XAMPP/xamppfiles/htdocs/api_bong_da/framework/web/CController.php(869): CBaseController->renderFile('/Applications/X...', Array, true)
#11 /Applications/XAMPP/xamppfiles/htdocs/api_bong_da/framework/web/CController.php(782): CController->renderPartial('create', Array, true)
#12 /Applications/XAMPP/xamppfiles/htdocs/api_bong_da/www/protected/controllers/VideoController.php(79): CController->render('create', Array)
#13 /Applications/XAMPP/xamppfiles/htdocs/api_bong_da/framework/web/actions/CInlineAction.php(49): VideoController->actionCreate()
#14 /Applications/XAMPP/xamppfiles/htdocs/api_bong_da/framework/web/CController.php(308): CInlineAction->runWithParams(Array)
#15 /Applications/XAMPP/xamppfiles/htdocs/api_bong_da/framework/web/filters/CFilterChain.php(133): CController->runAction(Object(CInlineAction))
#16 /Applications/XAMPP/xamppfiles/htdocs/api_bong_da/framework/web/filters/CFilter.php(40): CFilterChain->run()
#17 /Applications/XAMPP/xamppfiles/htdocs/api_bong_da/framework/web/CController.php(1145): CFilter->filter(Object(CFilterChain))
#18 /Applications/XAMPP/xamppfiles/htdocs/api_bong_da/framework/web/filters/CInlineFilter.php(58): CController->filterAccessControl(Object(CFilterChain))
#19 /Applications/XAMPP/xamppfiles/htdocs/api_bong_da/framework/web/filters/CFilterChain.php(130): CInlineFilter->filter(Object(CFilterChain))
#20 /Applications/XAMPP/xamppfiles/htdocs/api_bong_da/framework/web/CController.php(291): CFilterChain->run()
#21 /Applications/XAMPP/xamppfiles/htdocs/api_bong_da/framework/web/CController.php(265): CController->runActionWithFilters(Object(CInlineAction), Array)
#22 /Applications/XAMPP/xamppfiles/htdocs/api_bong_da/framework/web/CWebApplication.php(282): CController->run('create')
#23 /Applications/XAMPP/xamppfiles/htdocs/api_bong_da/framework/web/CWebApplication.php(141): CWebApplication->runController('video/create')
#24 /Applications/XAMPP/xamppfiles/htdocs/api_bong_da/framework/base/CApplication.php(180): CWebApplication->processRequest()
#25 /Applications/XAMPP/xamppfiles/htdocs/api_bong_da/www/index.php(13): CApplication->run()
#26 {main}
REQUEST_URI=/api_bong_da/www/index.php/video/create
HTTP_REFERER=http://localhost/api_bong_da/www/index.php/site/login
---
2014/06/18 19:22:25 [error] [php] file_put_contents(/Applications/XAMPP/xamppfiles/htdocs/api_bong_da/www/protected/runtime/gii-1.1.14/CrudCode.php): failed to open stream: Permission denied (/Applications/XAMPP/xamppfiles/htdocs/api_bong_da/framework/gii/CCodeModel.php:388)
Stack trace:
#0 /Applications/XAMPP/xamppfiles/htdocs/api_bong_da/framework/gii/CCodeGenerator.php(63): CrudGenerator->prepare()
#1 /Applications/XAMPP/xamppfiles/htdocs/api_bong_da/framework/web/actions/CInlineAction.php(49): CrudGenerator->actionIndex()
#2 /Applications/XAMPP/xamppfiles/htdocs/api_bong_da/framework/web/CController.php(308): CInlineAction->runWithParams()
#3 /Applications/XAMPP/xamppfiles/htdocs/api_bong_da/framework/web/CController.php(286): CrudGenerator->runAction()
#4 /Applications/XAMPP/xamppfiles/htdocs/api_bong_da/framework/web/CController.php(265): CrudGenerator->runActionWithFilters()
#5 /Applications/XAMPP/xamppfiles/htdocs/api_bong_da/framework/web/CWebApplication.php(282): CrudGenerator->run()
#6 /Applications/XAMPP/xamppfiles/htdocs/api_bong_da/framework/web/CWebApplication.php(141): CWebApplication->runController()
#7 /Applications/XAMPP/xamppfiles/htdocs/api_bong_da/framework/base/CApplication.php(180): CWebApplication->processRequest()
#8 /Applications/XAMPP/xamppfiles/htdocs/api_bong_da/www/index.php(13): CWebApplication->run()
REQUEST_URI=/api_bong_da/www/index.php/gii/crud/index
in /Applications/XAMPP/xamppfiles/htdocs/api_bong_da/www/index.php (13)
